\BOOKMARK [0][-]{chapter*.1}{\376\377\000P\000r\000e\000f\000a\000c\000e}{}% 1
\BOOKMARK [0][-]{chapter*.3}{\376\377\000A\000b\000s\000t\000r\000a\000c\000t}{}% 2
\BOOKMARK [0][-]{chapter*.4}{\376\377\000S\000a\000m\000e\000n\000v\000a\000t\000t\000i\000n\000g}{}% 3
\BOOKMARK [0][-]{chapter*.5}{\376\377\000L\000i\000s\000t\000\040\000o\000f\000\040\000F\000i\000g\000u\000r\000e\000s\000\040\000a\000n\000d\000\040\000T\000a\000b\000l\000e\000s}{}% 4
\BOOKMARK [0][-]{chapter*.10}{\376\377\000L\000i\000s\000t\000\040\000o\000f\000\040\000A\000b\000b\000r\000e\000v\000i\000a\000t\000i\000o\000n\000s\000\040\000a\000n\000d\000\040\000S\000y\000m\000b\000o\000l\000s}{}% 5
\BOOKMARK [0][-]{chapter.1}{\376\377\000I\000n\000t\000r\000o\000d\000u\000c\000t\000i\000o\000n}{}% 6
\BOOKMARK [1][-]{section.1.1}{\376\377\000M\000o\000t\000i\000v\000a\000t\000i\000o\000n}{chapter.1}% 7
\BOOKMARK [1][-]{section.1.2}{\376\377\000G\000o\000a\000l}{chapter.1}% 8
\BOOKMARK [1][-]{section.1.3}{\376\377\000S\000t\000r\000u\000c\000t\000u\000r\000e\000\040\000o\000f\000\040\000t\000h\000e\000\040\000W\000o\000r\000k}{chapter.1}% 9
\BOOKMARK [0][-]{chapter.2}{\376\377\000B\000a\000c\000k\000g\000r\000o\000u\000n\000d}{}% 10
\BOOKMARK [1][-]{section.2.1}{\376\377\000O\000r\000g\000a\000n\000i\000c\000\040\000S\000e\000m\000i\000c\000o\000n\000d\000u\000c\000t\000o\000r\000s}{chapter.2}% 11
\BOOKMARK [2][-]{subsection.2.1.1}{\376\377\000E\000l\000e\000c\000t\000r\000o\000n\000i\000c\000\040\000s\000t\000r\000u\000c\000t\000u\000r\000e}{section.2.1}% 12
\BOOKMARK [2][-]{subsection.2.1.2}{\376\377\000E\000l\000e\000c\000t\000r\000o\000n\000i\000c\000\040\000t\000r\000a\000n\000s\000p\000o\000r\000t\000:\000\040\000H\000o\000p\000p\000i\000n\000g\000\040\000m\000e\000c\000h\000a\000n\000i\000s\000m}{section.2.1}% 13
\BOOKMARK [2][-]{subsection.2.1.3}{\376\377\000D\000o\000p\000i\000n\000g}{section.2.1}% 14
\BOOKMARK [1][-]{section.2.2}{\376\377\000O\000r\000g\000a\000n\000i\000c\000\040\000M\000i\000x\000e\000d\000\040\000I\000o\000n\000i\000c\000/\000E\000l\000e\000c\000t\000r\000o\000n\000i\000c\000\040\000C\000o\000n\000d\000u\000c\000t\000o\000r\000s\000\040\000\050\000O\000M\000I\000E\000C\000s\000\051}{chapter.2}% 15
\BOOKMARK [2][-]{subsection.2.2.1}{\376\377\000A\000\040\000w\000i\000d\000e\000l\000y\000\040\000u\000s\000e\000d\000\040\000m\000a\000t\000e\000r\000i\000a\000l\000:\000\040\000P\000E\000D\000O\000T\000:\000P\000S\000S}{section.2.2}% 16
\BOOKMARK [2][-]{subsection.2.2.2}{\376\377\000O\000t\000h\000e\000r\000\040\000t\000h\000i\000o\000p\000h\000e\000n\000e\000-\000b\000a\000s\000e\000d\000\040\000p\000o\000l\000y\000m\000e\000r\000s}{section.2.2}% 17
\BOOKMARK [1][-]{section.2.3}{\376\377\000O\000r\000g\000a\000n\000i\000c\000\040\000E\000l\000e\000c\000t\000r\000o\000c\000h\000e\000m\000i\000c\000a\000l\000\040\000T\000r\000a\000n\000s\000i\000s\000t\000o\000r\000s\000\040\000\050\000O\000E\000C\000T\000s\000\051}{chapter.2}% 18
\BOOKMARK [2][-]{subsection.2.3.1}{\376\377\000D\000e\000v\000i\000c\000e\000\040\000p\000h\000y\000s\000i\000c\000s}{section.2.3}% 19
\BOOKMARK [2][-]{subsection.2.3.2}{\376\377\000O\000p\000e\000r\000a\000t\000i\000o\000n\000\040\000m\000o\000d\000e\000s}{section.2.3}% 20
\BOOKMARK [2][-]{subsection.2.3.3}{\376\377\000I\000m\000p\000o\000r\000t\000a\000n\000t\000\040\000f\000i\000g\000u\000r\000e\000s\000\040\000o\000f\000\040\000m\000e\000r\000i\000t}{section.2.3}% 21
\BOOKMARK [2][-]{subsection.2.3.4}{\376\377\000R\000e\000q\000u\000i\000r\000e\000m\000e\000n\000t\000s\000\040\000t\000o\000\040\000a\000v\000o\000i\000d\000\040\000u\000n\000d\000e\000s\000i\000r\000a\000b\000l\000e\000\040\000s\000i\000d\000e\000\040\000r\000e\000a\000c\000t\000i\000o\000n\000s}{section.2.3}% 22
\BOOKMARK [2][-]{subsection.2.3.5}{\376\377\000B\000u\000i\000l\000d\000i\000n\000g\000\040\000b\000l\000o\000c\000k\000\040\000f\000o\000r\000\040\000n\000e\000u\000r\000o\000m\000o\000r\000p\000h\000i\000c\000\040\000a\000n\000d\000\040\000b\000i\000o\000e\000l\000e\000c\000t\000r\000o\000n\000i\000c\000\040\000a\000p\000p\000l\000i\000c\000a\000t\000i\000o\000n\000s}{section.2.3}% 23
\BOOKMARK [0][-]{chapter.3}{\376\377\000T\000h\000e\000\040\000N\000e\000x\000t\000\040\000C\000h\000a\000p\000t\000e\000r}{}% 24
\BOOKMARK [1][-]{section.3.1}{\376\377\000T\000h\000e\000\040\000F\000i\000r\000s\000t\000\040\000T\000o\000p\000i\000c\000\040\000o\000f\000\040\000t\000h\000i\000s\000\040\000C\000h\000a\000p\000t\000e\000r}{chapter.3}% 25
\BOOKMARK [2][-]{subsection.3.1.1}{\376\377\000A\000n\000\040\000i\000t\000e\000m}{section.3.1}% 26
\BOOKMARK [1][-]{section.3.2}{\376\377\000F\000i\000g\000u\000r\000e\000s}{chapter.3}% 27
\BOOKMARK [1][-]{section.3.3}{\376\377\000T\000a\000b\000l\000e\000s}{chapter.3}% 28
\BOOKMARK [1][-]{section.3.4}{\376\377\000L\000o\000r\000e\000m\000\040\000I\000p\000s\000u\000m}{chapter.3}% 29
\BOOKMARK [2][-]{subsection.3.4.1}{\376\377\000L\000o\000r\000e\000m\000\040\000i\000p\000s\000u\000m\000\040\000d\000o\000l\000o\000r\000\040\000s\000i\000t\000\040\000a\000m\000e\000t\000,\000\040\000c\000o\000n\000s\000e\000c\000t\000e\000t\000u\000r\000\040\000a\000d\000i\000p\000i\000s\000c\000i\000n\000g\000\040\000e\000l\000i\000t}{section.3.4}% 30
\BOOKMARK [2][-]{subsection.3.4.2}{\376\377\000P\000r\000a\000e\000s\000e\000n\000t\000\040\000a\000u\000c\000t\000o\000r\000\040\000v\000e\000n\000e\000n\000a\000t\000i\000s\000\040\000p\000o\000s\000u\000e\000r\000e}{section.3.4}% 31
\BOOKMARK [2][-]{subsection.3.4.3}{\376\377\000C\000r\000a\000s\000\040\000v\000u\000l\000p\000u\000t\000a\000t\000e\000\040\000u\000l\000t\000r\000i\000c\000i\000e\000s\000\040\000v\000e\000n\000e\000n\000a\000t\000i\000s}{section.3.4}% 32
\BOOKMARK [2][-]{subsection.3.4.4}{\376\377\000D\000o\000n\000e\000c\000\040\000n\000i\000b\000h\000\040\000a\000n\000t\000e\000,\000\040\000c\000o\000n\000s\000e\000c\000t\000e\000t\000u\000r\000\040\000e\000t\000\040\000p\000o\000s\000u\000e\000r\000e\000\040\000i\000d\000,\000\040\000t\000e\000m\000p\000u\000s\000\040\000n\000e\000c\000\040\000a\000r\000c\000u}{section.3.4}% 33
\BOOKMARK [2][-]{subsection.3.4.5}{\376\377\000M\000o\000r\000b\000i\000\040\000e\000t\000\040\000m\000a\000u\000r\000i\000s\000\040\000t\000e\000m\000p\000u\000s\000\040\000p\000u\000r\000u\000s\000\040\000o\000r\000n\000a\000r\000e\000\040\000v\000e\000h\000i\000c\000u\000l\000a}{section.3.4}% 34
\BOOKMARK [1][-]{section.3.5}{\376\377\000C\000o\000n\000c\000l\000u\000s\000i\000o\000n}{chapter.3}% 35
\BOOKMARK [0][-]{chapter.4}{\376\377\000T\000h\000e\000\040\000F\000i\000n\000a\000l\000\040\000C\000h\000a\000p\000t\000e\000r}{}% 36
\BOOKMARK [1][-]{section.4.1}{\376\377\000T\000h\000e\000\040\000F\000i\000r\000s\000t\000\040\000T\000o\000p\000i\000c\000\040\000o\000f\000\040\000t\000h\000i\000s\000\040\000C\000h\000a\000p\000t\000e\000r}{chapter.4}% 37
\BOOKMARK [2][-]{subsection.4.1.1}{\376\377\000I\000t\000e\000m\000\040\0001}{section.4.1}% 38
\BOOKMARK [2][-]{subsection.4.1.2}{\376\377\000I\000t\000e\000m\000\040\0002}{section.4.1}% 39
\BOOKMARK [1][-]{section.4.2}{\376\377\000T\000h\000e\000\040\000S\000e\000c\000o\000n\000d\000\040\000T\000o\000p\000i\000c}{chapter.4}% 40
\BOOKMARK [1][-]{section.4.3}{\376\377\000C\000o\000n\000c\000l\000u\000s\000i\000o\000n}{chapter.4}% 41
\BOOKMARK [0][-]{chapter.5}{\376\377\000C\000o\000n\000c\000l\000u\000s\000i\000o\000n}{}% 42
\BOOKMARK [0][-]{appendix.A}{\376\377\000T\000h\000e\000\040\000F\000i\000r\000s\000t\000\040\000A\000p\000p\000e\000n\000d\000i\000x}{}% 43
\BOOKMARK [1][-]{section.A.1}{\376\377\000M\000o\000r\000e\000\040\000L\000o\000r\000e\000m}{appendix.A}% 44
\BOOKMARK [2][-]{subsection.A.1.1}{\376\377\000L\000o\000r\000e\000m\000\040\0001\0005\040\023\0001\0007}{section.A.1}% 45
\BOOKMARK [2][-]{subsection.A.1.2}{\376\377\000L\000o\000r\000e\000m\000\040\0001\0008\040\023\0001\0009}{section.A.1}% 46
\BOOKMARK [1][-]{section.A.2}{\376\377\000L\000o\000r\000e\000m\000\040\0005\0001}{appendix.A}% 47
\BOOKMARK [0][-]{appendix.B}{\376\377\000T\000h\000e\000\040\000L\000a\000s\000t\000\040\000A\000p\000p\000e\000n\000d\000i\000x}{}% 48
\BOOKMARK [1][-]{section.B.1}{\376\377\000L\000o\000r\000e\000m\000\040\0002\0000\000-\0002\0004}{appendix.B}% 49
\BOOKMARK [1][-]{section.B.2}{\376\377\000L\000o\000r\000e\000m\000\040\0002\0005\000-\0002\0007}{appendix.B}% 50
