\BOOKMARK [0][-]{chapter*.1}{\376\377\000P\000r\000e\000f\000a\000c\000e}{}% 1
\BOOKMARK [0][-]{chapter*.3}{\376\377\000A\000b\000s\000t\000r\000a\000c\000t}{}% 2
\BOOKMARK [0][-]{chapter*.4}{\376\377\000L\000i\000s\000t\000\040\000o\000f\000\040\000F\000i\000g\000u\000r\000e\000s\000\040\000a\000n\000d\000\040\000T\000a\000b\000l\000e\000s}{}% 3
\BOOKMARK [0][-]{chapter.1}{\376\377\000I\000n\000t\000r\000o\000d\000u\000c\000t\000i\000o\000n}{}% 4
\BOOKMARK [0][-]{chapter.2}{\376\377\000B\000a\000c\000k\000g\000r\000o\000u\000n\000d}{}% 5
\BOOKMARK [1][-]{section.2.1}{\376\377\000O\000r\000g\000a\000n\000i\000c\000\040\000S\000e\000m\000i\000c\000o\000n\000d\000u\000c\000t\000o\000r\000s}{chapter.2}% 6
\BOOKMARK [2][-]{subsection.2.1.1}{\376\377\000E\000l\000e\000c\000t\000r\000o\000n\000i\000c\000\040\000S\000t\000r\000u\000c\000t\000u\000r\000e\000\040\000a\000n\000d\000\040\000T\000r\000a\000n\000s\000p\000o\000r\000t}{section.2.1}% 7
\BOOKMARK [2][-]{subsection.2.1.2}{\376\377\000M\000o\000l\000e\000c\000u\000l\000a\000r\000\040\000D\000o\000p\000i\000n\000g}{section.2.1}% 8
\BOOKMARK [1][-]{section.2.2}{\376\377\000O\000r\000g\000a\000n\000i\000c\000\040\000M\000i\000x\000e\000d\000\040\000I\000o\000n\000i\000c\000/\000E\000l\000e\000c\000t\000r\000o\000n\000i\000c\000\040\000C\000o\000n\000d\000u\000c\000t\000o\000r\000s\000\040\000\050\000O\000M\000I\000E\000C\000s\000\051}{chapter.2}% 9
\BOOKMARK [2][-]{subsection.2.2.1}{\376\377\000P\000r\000o\000c\000e\000s\000s\000e\000s\000\040\000i\000n\000\040\000O\000M\000I\000E\000C\000s}{section.2.2}% 10
\BOOKMARK [1][-]{section.2.3}{\376\377\000O\000r\000g\000a\000n\000i\000c\000\040\000E\000l\000e\000c\000t\000r\000o\000c\000h\000e\000m\000i\000c\000a\000l\000\040\000T\000r\000a\000n\000s\000i\000s\000t\000o\000r\000s\000\040\000\050\000O\000E\000C\000T\000s\000\051}{chapter.2}% 11
\BOOKMARK [2][-]{subsection.2.3.1}{\376\377\000D\000e\000v\000i\000c\000e\000\040\000P\000h\000y\000s\000i\000c\000s}{section.2.3}% 12
\BOOKMARK [2][-]{subsection.2.3.2}{\376\377\000O\000p\000e\000r\000a\000t\000i\000o\000n\000\040\000M\000o\000d\000e\000s}{section.2.3}% 13
\BOOKMARK [2][-]{subsection.2.3.3}{\376\377\000I\000m\000p\000o\000r\000t\000a\000n\000t\000\040\000F\000i\000g\000u\000r\000e\000s\000\040\000o\000f\000\040\000M\000e\000r\000i\000t}{section.2.3}% 14
\BOOKMARK [2][-]{subsection.2.3.4}{\376\377\000S\000i\000d\000e\000\040\000R\000e\000a\000c\000t\000i\000o\000n\000s}{section.2.3}% 15
\BOOKMARK [0][-]{chapter.3}{\376\377\000E\000x\000p\000e\000r\000i\000m\000e\000n\000t\000a\000l\000\040\000M\000e\000t\000h\000o\000d\000s}{}% 16
\BOOKMARK [1][-]{section.3.1}{\376\377\000M\000a\000t\000e\000r\000i\000a\000l\000s}{chapter.3}% 17
\BOOKMARK [1][-]{section.3.2}{\376\377\000E\000q\000u\000i\000p\000m\000e\000n\000t}{chapter.3}% 18
\BOOKMARK [1][-]{section.3.3}{\376\377\000S\000o\000f\000t\000w\000a\000r\000e}{chapter.3}% 19
\BOOKMARK [1][-]{section.3.4}{\376\377\000E\000x\000p\000e\000r\000i\000m\000e\000n\000t\000a\000l\000\040\000P\000r\000o\000c\000e\000d\000u\000r\000e\000s}{chapter.3}% 20
\BOOKMARK [2][-]{subsection.3.4.1}{\376\377\000P\000r\000e\000p\000a\000r\000a\000t\000i\000o\000n\000\040\000o\000f\000\040\000f\000i\000l\000m\000s}{section.3.4}% 21
\BOOKMARK [2][-]{subsection.3.4.2}{\376\377\000D\000o\000p\000i\000n\000g\000\040\000c\000h\000a\000r\000a\000c\000t\000e\000r\000i\000z\000a\000t\000i\000o\000n\000\040\000o\000f\000\040\000f\000i\000l\000m\000s}{section.3.4}% 22
\BOOKMARK [2][-]{subsection.3.4.3}{\376\377\000F\000a\000b\000r\000i\000c\000a\000t\000i\000o\000n\000\040\000o\000f\000\040\000O\000r\000g\000a\000n\000i\000c\000\040\000E\000l\000e\000c\000t\000r\000o\000c\000h\000e\000m\000i\000c\000a\000l\000\040\000T\000r\000a\000n\000s\000i\000s\000t\000o\000r\000s}{section.3.4}% 23
\BOOKMARK [0][-]{chapter.4}{\376\377\000R\000e\000s\000u\000l\000t\000s\000\040\000a\000n\000d\000\040\000D\000i\000s\000c\000u\000s\000s\000i\000o\000n}{}% 24
\BOOKMARK [1][-]{section.4.1}{\376\377\000D\000o\000p\000i\000n\000g\000\040\000c\000h\000a\000r\000a\000c\000t\000e\000r\000i\000z\000a\000t\000i\000o\000n}{chapter.4}% 25
\BOOKMARK [2][-]{subsection.4.1.1}{\376\377\000A\000b\000s\000o\000r\000b\000a\000n\000c\000e\000\040\000a\000n\000d\000\040\000a\000i\000r\000\040\000s\000t\000a\000b\000i\000l\000i\000t\000y}{section.4.1}% 26
\BOOKMARK [2][-]{subsection.4.1.2}{\376\377\000W\000o\000r\000k\000f\000u\000n\000c\000t\000i\000o\000n\000\040\000s\000h\000i\000f\000t}{section.4.1}% 27
\BOOKMARK [2][-]{subsection.4.1.3}{\376\377\000T\000h\000i\000c\000k\000n\000e\000s\000s\000,\000\040\000s\000h\000e\000e\000t\000\040\000r\000e\000s\000i\000s\000t\000a\000n\000c\000e\000\040\000a\000n\000d\000\040\000r\000e\000s\000i\000s\000t\000i\000v\000i\000t\000y}{section.4.1}% 28
\BOOKMARK [1][-]{section.4.2}{\376\377\000F\000a\000b\000r\000i\000c\000a\000t\000i\000o\000n\000\040\000o\000f\000\040\000O\000r\000g\000a\000n\000i\000c\000\040\000E\000l\000e\000c\000t\000r\000o\000c\000h\000e\000m\000i\000c\000a\000l\000\040\000T\000r\000a\000n\000s\000i\000s\000t\000o\000r\000s}{chapter.4}% 29
\BOOKMARK [2][-]{subsection.4.2.1}{\376\377\000I\000n\000f\000l\000u\000e\000n\000c\000e\000\040\000o\000f\000\040\000d\000o\000p\000i\000n\000g\000\040\000O\000E\000C\000T\000\040\000c\000h\000a\000n\000n\000e\000l}{section.4.2}% 30
\BOOKMARK [2][-]{subsection.4.2.2}{\376\377\000S\000t\000a\000b\000i\000l\000i\000t\000y\000\040\000o\000n\000\040\000a\000i\000r\000\040\000o\000f\000\040\000p\000\050\000g\0003\000T\0002\000-\000T\000\051}{section.4.2}% 31
\BOOKMARK [2][-]{subsection.4.2.3}{\376\377\000R\000e\000v\000e\000r\000s\000e\000\040\000o\000x\000i\000d\000a\000t\000i\000o\000n\000\040\000o\000f\000\040\000u\000n\000d\000o\000p\000e\000d\000-\000p\000\050\000g\0003\000T\0002\000-\000T\000\051}{section.4.2}% 32
\BOOKMARK [2][-]{subsection.4.2.4}{\376\377\000S\000o\000l\000i\000d\000-\000O\000E\000C\000T\000s\000\040\000u\000s\000i\000n\000g\000\040\000u\000n\000d\000o\000p\000e\000d\000-\000p\000\050\000g\0003\000T\0002\000-\000T\000\051}{section.4.2}% 33
\BOOKMARK [2][-]{subsection.4.2.5}{\376\377\000S\000o\000l\000i\000d\000-\000O\000E\000C\000T\000s\000\040\000w\000i\000t\000h\000\040\000d\000o\000p\000e\000d\000-\000p\000\050\000g\0003\000T\0002\000-\000T\000\051}{section.4.2}% 34
\BOOKMARK [0][-]{chapter.5}{\376\377\000C\000o\000n\000c\000l\000u\000s\000i\000o\000n\000s\000\040\000a\000n\000d\000\040\000O\000u\000t\000l\000o\000o\000k}{}% 35
\BOOKMARK [0][-]{appendix.A}{\376\377\000A\000b\000s\000o\000r\000p\000t\000i\000o\000n\000\040\000o\000f\000\040\000p\000\050\000g\0003\000T\0002\000-\000T\000\051\000\040\000d\000o\000p\000e\000d\000\040\000w\000i\000t\000h\000\040\000F\0006\000T\000C\000N\000N\000Q}{}% 36
\BOOKMARK [0][-]{appendix.B}{\376\377\000P\000E\000D\000O\000T\000:\000P\000S\000S\000\040\000v\000s\000\040\000d\000o\000p\000e\000d\000\040\000p\000\050\000g\0003\000T\0002\000-\000T\000\051\000\040\000a\000s\000\040\000c\000h\000a\000n\000n\000e\000l}{}% 37
\BOOKMARK [0][-]{appendix*.52}{\376\377\000B\000i\000b\000l\000i\000o\000g\000r\000a\000p\000h\000y}{}% 38
