This is pdfTeX, Version 3.141592653-2.6-1.40.24 (TeX Live 2022) (preloaded format=pdflatex 2022.10.5)  11 SEP 2023 11:24
entering extended mode
 restricted \write18 enabled.
 %&-line parsing enabled.
**thesis.tex
(./thesis.tex
LaTeX2e <2022-06-01> patch level 5
L3 programming layer <2022-09-28> (./kulemt.cls
Document Class: kulemt 2023/04/05 v1.14 KU Leuven engineering master's thesis d
ocument class
(c:/texlive/2022/texmf-dist/tex/latex/graphics/keyval.sty
Package: keyval 2022/05/29 v1.15 key=value parser (DPC)
\KV@toks@=\toks16
)
\kulemt@bind=\dimen138

(c:/texlive/2022/texmf-dist/tex/latex/base/inputenc.sty
Package: inputenc 2021/02/14 v1.3d Input encoding file
\inpenc@prehook=\toks17
\inpenc@posthook=\toks18

(c:/texlive/2022/texmf-dist/tex/latex/base/ascii.def
File: ascii.def 2021/02/14 v1.3d Input encoding file
))
\kulemt@facnum=\count185
 (./kulemt.cfg
File: kulemt.cfg 2021/03/11
)
(c:/texlive/2022/texmf-dist/tex/latex/memoir/memoir.cls
Document Class: memoir 2022/07/29 v3.7r configurable book, report, article docu
ment class
(c:/texlive/2022/texmf-dist/tex/latex/etoolbox/etoolbox.sty
Package: etoolbox 2020/10/05 v2.5k e-TeX tools for LaTeX (JAW)
\etb@tempcnta=\count186
)
\onelineskip=\skip47
\lxvchars=\skip48
\xlvchars=\skip49
\@memcnta=\count187
\c@@memmarkcntra=\count188

(c:/texlive/2022/texmf-dist/tex/generic/iftex/iftex.sty
Package: iftex 2022/02/03 v1.0f TeX engine tests
)
\stockheight=\skip50
\stockwidth=\skip51
\trimtop=\skip52
\trimedge=\skip53

(c:/texlive/2022/texmf-dist/tex/latex/memoir/mem11.clo
File: mem11.clo 2022/07/29 v0.5 memoir class 11pt size option
)
\binding=\skip54
\spinemargin=\skip55
\foremargin=\skip56
\uppermargin=\skip57
\lowermargin=\skip58
\headdrop=\skip59
\normalrulethickness=\skip60
\mem@maxheadheight=\skip61
\mem@maxfootheight=\skip62
\headwidth=\skip63
\c@storedpagenumber=\count189
\memPD=\dimen139
\m@mabparskip=\skip64
\thanksmarkwidth=\skip65
\thanksmarksep=\skip66
\droptitle=\skip67
\c@book=\count190
\c@part=\count191
\c@chapter=\count192
\c@section=\count193
\c@subsection=\count194
\c@subsubsection=\count195
\c@paragraph=\count196
\c@subparagraph=\count197
\beforechapskip=\skip68
\midchapskip=\skip69
\afterchapskip=\skip70
\chapindent=\skip71
\bottomsectionskip=\skip72
\secindent=\skip73
\beforesecskip=\skip74
\aftersecskip=\skip75
\subsecindent=\skip76
\beforesubsecskip=\skip77
\aftersubsecskip=\skip78
\subsubsecindent=\skip79
\beforesubsubsecskip=\skip80
\aftersubsubsecskip=\skip81
\paraindent=\skip82
\beforeparaskip=\skip83
\afterparaskip=\skip84
\subparaindent=\skip85
\beforesubparaskip=\skip86
\aftersubparaskip=\skip87
\pfbreakskip=\skip88
\c@@ppsavesec=\count198
\c@@ppsaveapp=\count199
\ragrparindent=\dimen140
\everylistparindent=\dimen141
\parsepi=\skip89
\topsepi=\skip90
\itemsepi=\skip91
\parsepii=\skip92
\topsepii=\skip93
\topsepiii=\skip94
\itemsepii=\skip95
\itemsepiii=\skip96
\partopsepii=\skip97
\partopsepiii=\skip98
\m@msavetopsep=\skip99
\m@msavepartopsep=\skip100
\@enLab=\toks19
\abstitleskip=\skip101
\absleftindent=\skip102
\abs@leftindent=\dimen142
\absrightindent=\skip103
\absparindent=\skip104
\absparsep=\skip105
\c@vslineno=\count266
\c@poemline=\count267
\c@modulo@vs=\count268
\c@memfvsline=\count269
\vleftskip=\skip106
\vrightskip=\skip107
\stanzaskip=\skip108
\versewidth=\skip109
\vgap=\skip110
\vindent=\skip111
\vleftmargin=\dimen143
\c@verse=\count270
\c@chrsinstr=\count271
\beforepoemtitleskip=\skip112
\afterpoemtitleskip=\skip113
\c@poem=\count272
\beforePoemTitleskip=\skip114
\midPoemTitleskip=\skip115
\afterPoemTitleskip=\skip116

(c:/texlive/2022/texmf-dist/tex/latex/tools/array.sty
Package: array 2022/03/10 v2.5f Tabular extension package (FMi)
\col@sep=\dimen144
\ar@mcellbox=\box51
\extrarowheight=\dimen145
\NC@list=\toks20
\extratabsurround=\skip117
\backup@length=\skip118
\ar@cellbox=\box52
)
(c:/texlive/2022/texmf-dist/tex/latex/tools/dcolumn.sty
Package: dcolumn 2014/10/28 v1.06 decimal alignment package (DPC)
)
(c:/texlive/2022/texmf-dist/tex/latex/tools/delarray.sty
Package: delarray 2014/10/28 v1.01 array delimiter package (DPC)
)
(c:/texlive/2022/texmf-dist/tex/latex/tools/tabularx.sty
Package: tabularx 2020/01/15 v2.11c `tabularx' package (DPC)
\TX@col@width=\dimen146
\TX@old@table=\dimen147
\TX@old@col=\dimen148
\TX@target=\dimen149
\TX@delta=\dimen150
\TX@cols=\count273
\TX@ftn=\toks21
)
\heavyrulewidth=\dimen151
\lightrulewidth=\dimen152
\cmidrulewidth=\dimen153
\belowrulesep=\dimen154
\belowbottomsep=\dimen155
\aboverulesep=\dimen156
\abovetopsep=\dimen157
\cmidrulesep=\dimen158
\cmidrulekern=\dimen159
\defaultaddspace=\dimen160
\@cmidla=\count274
\@cmidlb=\count275
\@aboverulesep=\dimen161
\@belowrulesep=\dimen162
\@thisruleclass=\count276
\@lastruleclass=\count277
\@thisrulewidth=\dimen163
\ctableftskip=\skip119
\ctabrightskip=\skip120
\abovecolumnspenalty=\count278
\@linestogo=\count279
\@cellstogo=\count280
\@cellsincolumn=\count281
\crtok=\toks22
\@mincolumnwidth=\dimen164
\c@newflo@tctr=\count282
\mem@margin@floatbox=\box53
\@contcwidth=\skip121
\@contindw=\skip122
\abovecaptionskip=\skip123
\belowcaptionskip=\skip124
\subfloattopskip=\skip125
\subfloatcapskip=\skip126
\subfloatcaptopadj=\skip127
\subfloatbottomskip=\skip128
\subfloatlabelskip=\skip129
\subfloatcapmargin=\dimen165
\c@@contsubnum=\count283
\m@mscap@capbox=\box54
\m@mscap@fbox=\box55
\sidecapsep=\dimen166
\sidecapwidth=\dimen167
\m@m@tempdima=\dimen168
\m@mscapraise=\dimen169
\sidecapraise=\dimen170
\m@mscapmainwidth=\dimen171
\m@mscaplkern=\dimen172
\beforeepigraphskip=\skip130
\afterepigraphskip=\skip131
\epigraphwidth=\skip132
\epigraphrule=\skip133
LaTeX Info: Redefining \em on input line 7655.
LaTeX Info: Redefining \emph on input line 7663.
\tocentryskip=\skip134
\tocbaseline=\skip135
\cftparskip=\skip136
\cftbeforebookskip=\skip137
\cftbookindent=\dimen173
\cftbooknumwidth=\dimen174
\cftbeforepartskip=\skip138
\cftpartindent=\skip139
\cftpartnumwidth=\skip140
\cftbeforechapterskip=\skip141
\cftchapterindent=\skip142
\cftchapternumwidth=\skip143
\cftbeforesectionskip=\skip144
\cftsectionindent=\skip145
\cftsectionnumwidth=\skip146
\cftbeforesubsectionskip=\skip147
\cftsubsectionindent=\skip148
\cftsubsectionnumwidth=\skip149
\cftbeforesubsubsectionskip=\skip150
\cftsubsubsectionindent=\skip151
\cftsubsubsectionnumwidth=\skip152
\cftbeforeparagraphskip=\skip153
\cftparagraphindent=\skip154
\cftparagraphnumwidth=\skip155
\cftbeforesubparagraphskip=\skip156
\cftsubparagraphindent=\skip157
\cftsubparagraphnumwidth=\skip158
\prechapterprecisshift=\dimen175
\c@maxsecnumdepth=\count284
\bibindent=\dimen176
\bibitemsep=\skip159
\indexcolsep=\skip160
\indexrule=\skip161
\indexmarkstyle=\toks23
\@indexbox=\insert252
\glossarycolsep=\dimen177
\glossaryrule=\dimen178
\sideparvshift=\skip162
\sideins=\insert251
\sidebartopsep=\skip163
\sidebarhsep=\skip164
\sidebarvsep=\skip165
\sidebarwidth=\skip166
\footmarkwidth=\skip167
\footmarksep=\skip168
\footparindent=\skip169
\footinsdim=\skip170
\footinsv@r=\insert250
\@mpfootinsv@r=\insert249
\m@m@k=\count285
\m@m@h=\dimen179
\m@mipn@skip=\skip171
\sidefootins=\insert248
\sidefootadjust=\skip172
\sidefootheight=\skip173
\sidefoothsep=\skip174
\sidefootvsep=\skip175
\sidefootwidth=\skip176
\m@mdownsf=\skip177
\c@sidefootnote=\count286
\sidefootmarkwidth=\skip178
\sidefootmarksep=\skip179
\sidefootparindent=\skip180
\c@pagenote=\count287
\c@pagenoteshadow=\count288
\mem@pn@lastkern=\skip181
\every@verbatim=\toks24
\afterevery@verbatim=\toks25
\verbatim@line=\toks26
\tab@position=\count289
\verbatim@in@stream=\read2
\verbatimindent=\skip182
\verbatim@out=\write3
\bvboxsep=\skip183
\c@memfbvline=\count290
\c@bvlinectr=\count291
\bvnumlength=\skip184
\fb@frw=\dimen180
\fb@frh=\dimen181
\FrameRule=\dimen182
\FrameSep=\dimen183
\c@cp@cntr=\count292
\c@ism@mctr=\count293
\c@xsm@mctr=\count294
\c@csm@mctr=\count295
\c@ksm@mctr=\count296
\c@xksm@mctr=\count297
\c@cksm@mctr=\count298
\c@msm@mctr=\count299
\c@xmsm@mctr=\count300
\c@cmsm@mctr=\count301
\c@bsm@mctr=\count302
\c@workm@mctr=\count303
\c@sheetsequence=\count304
\c@lastsheet=\count305
\c@lastpage=\count306

(c:/texlive/2022/texmf-dist/tex/latex/textcase/textcase.sty
Package: textcase 2022/07/10 v1.03 Text only upper/lower case changing (DPC)
Package textcase Info: Defining Legacy names on input line 20.
)
\c@figure=\count307
\c@lofdepth=\count308
\cftbeforefigureskip=\skip185
\cftfigureindent=\skip186
\cftfigurenumwidth=\skip187
\c@table=\count309
\c@lotdepth=\count310
\cftbeforetableskip=\skip188
\cfttableindent=\skip189
\cfttablenumwidth=\skip190
Package abstract [2008/07/23] emulated by memoir.
Package appendix [2008/07/23] emulated by memoir.
Package booktabs [2016/05/16] emulated by memoir.
Package ccaption [2008/07/23] emulated by memoir.
Package changepage [2008/07/23] emulated by memoir.
Package chngcntr [2008/07/23] emulated by memoir.
Package chngpage [2008/07/23] emulated by memoir.
Package crop emulated by memoir.
Package enumerate [2008/07/23] emulated by memoir.
Package epigraph [2008/07/23] emulated by memoir.
Package ifmtarg [2008/07/23] emulated by memoir.
Package index [2008/07/23] emulated by memoir.
Package makeidx [2008/07/23] emulated by memoir.
Package moreverb [2008/07/23] emulated by memoir.
Package needspace [2008/07/23] emulated by memoir.
Package newfile [2008/07/23] emulated by memoir.
Package nextpage [2008/07/23] emulated by memoir.
Package pagenote [2008/07/23] emulated by memoir.
Package parskip [2008/07/23] emulated by memoir.
Package patchcmd [2008/07/23] emulated by memoir.
Package setspace [2008/07/23] emulated by memoir.
Package shortvrb [2008/07/23] emulated by memoir.
Package showidx [2008/07/23] emulated by memoir.
Package titleref [2008/07/23] emulated by memoir.
Package titling [2008/07/23] emulated by memoir.
Package tocbibind [2008/07/23] emulated by memoir.
Package tocloft [2008/07/23] emulated by memoir.
Package tocvsec2 [2008/07/23] emulated by memoir.
Package verbatim [2008/07/23] emulated by memoir.
Package verse [2008/07/23] emulated by memoir.
)
(c:/texlive/2022/texmf-dist/tex/generic/babel/babel.sty
Package: babel 2022/10/04 3.81 The Babel package
\babel@savecnt=\count311
\U@D=\dimen184
\l@unhyphenated=\language87

(c:/texlive/2022/texmf-dist/tex/generic/babel/txtbabel.def)
\bbl@readstream=\read3
\bbl@dirlevel=\count312

(c:/texlive/2022/texmf-dist/tex/generic/babel-english/english.ldf
Language: english 2017/06/06 v3.3r English support from the babel system
Package babel Info: Hyphen rules for 'canadian' set to \l@english
(babel)             (\language0). Reported on input line 102.
Package babel Info: Hyphen rules for 'australian' set to \l@ukenglish
(babel)             (\language21). Reported on input line 105.
Package babel Info: Hyphen rules for 'newzealand' set to \l@ukenglish
(babel)             (\language21). Reported on input line 108.
)
(c:/texlive/2022/texmf-dist/tex/generic/babel-dutch/dutch.ldf
Language: dutch 2021/08/29 v3.8l Dutch support from the babel system
Package babel Info: Making " an active character on input line 127.
))
(c:/texlive/2022/texmf-dist/tex/generic/babel/locale/nl/babel-dutch.tex
Package babel Info: Importing font and identification data for dutch
(babel)             from babel-nl.ini. Reported on input line 11.
)
(c:/texlive/2022/texmf-dist/tex/generic/babel/locale/en/babel-english.tex
Package babel Info: Importing font and identification data for english
(babel)             from babel-en.ini. Reported on input line 11.
)
(c:/texlive/2022/texmf-dist/tex/latex/graphics/graphicx.sty
Package: graphicx 2021/09/16 v1.2d Enhanced LaTeX Graphics (DPC,SPQR)

(c:/texlive/2022/texmf-dist/tex/latex/graphics/graphics.sty
Package: graphics 2022/03/10 v1.4e Standard LaTeX Graphics (DPC,SPQR)

(c:/texlive/2022/texmf-dist/tex/latex/graphics/trig.sty
Package: trig 2021/08/11 v1.11 sin cos tan (DPC)
)
(c:/texlive/2022/texmf-dist/tex/latex/graphics-cfg/graphics.cfg
File: graphics.cfg 2016/06/04 v1.11 sample graphics configuration
)
Package graphics Info: Driver file: pdftex.def on input line 107.

(c:/texlive/2022/texmf-dist/tex/latex/graphics-def/pdftex.def
File: pdftex.def 2022/09/22 v1.2b Graphics/color driver for pdftex
))
\Gin@req@height=\dimen185
\Gin@req@width=\dimen186
)
(c:/texlive/2022/texmf-dist/tex/latex/graphics/color.sty
Package: color 2022/01/06 v1.3d Standard LaTeX Color (DPC)

(c:/texlive/2022/texmf-dist/tex/latex/graphics-cfg/color.cfg
File: color.cfg 2016/01/02 v1.6 sample color configuration
)
Package color Info: Driver file: pdftex.def on input line 149.

(c:/texlive/2022/texmf-dist/tex/latex/graphics/mathcolor.ltx))
(c:/texlive/2022/texmf-dist/tex/latex/base/fontenc.sty
Package: fontenc 2021/04/29 v2.0v Standard LaTeX package
))
(c:/texlive/2022/texmf-dist/tex/latex/floatrow/floatrow.sty
Package: floatrow 2008/08/02 v0.3b floatrow: float package extension

(c:/texlive/2022/texmf-dist/tex/latex/caption/caption3.sty
Package: caption3 2022/03/17 v2.3b caption3 kernel (AR)
\caption@tempdima=\dimen187
\captionmargin=\dimen188
\caption@leftmargin=\dimen189
\caption@rightmargin=\dimen190
\caption@width=\dimen191
\caption@indent=\dimen192
\caption@parindent=\dimen193
\caption@hangindent=\dimen194
Package caption Info: memoir document class detected.

(c:/texlive/2022/texmf-dist/tex/latex/caption/caption-memoir.sto
File: caption-memoir.sto 2022/03/02 v2.2b Adaption of the caption package to th
e memoir document class (AR)
))
\c@float@type=\count313
\float@exts=\toks27
\float@box=\box56
\@floatcapt=\box57
Package floatrow Info: Modified float package code loaded on input line 455.
Package floatrow Info: Modified rotfloat package code loaded on input line 473.

\FR@everyfloat=\toks28
\flrow@foot=\insert247
\FB@wd=\dimen195
\FBo@wd=\dimen196
\FBc@wd=\dimen197
\FBo@ht=\skip191
\FBc@ht=\skip192
\FBf@ht=\skip193
\FBo@max=\skip194
\FBc@max=\skip195
\FBf@max=\skip196
\c@FBl@b=\count314
\floatbox@depth=\count315
\c@FRobj=\count316
\c@FRsobj=\count317
\Xhsize=\skip197
\sXhsize=\skip198
\Zhsize=\skip199
\sZhsize=\skip256
\flrow@rowbox=\box58
\FR@Zunitlength=\dimen198
\c@FBcnt=\count318
\FPOScnt=\count319
\LTleft=\skip257
\LTright=\skip258
\LTleft=\skip259
\LTright=\skip260
\flrow@types=\toks29
)
(c:/texlive/2022/texmf-dist/tex/latex/subfig/subfig.sty
Package: subfig 2005/06/28 ver: 1.3 subfig package

(c:/texlive/2022/texmf-dist/tex/latex/caption/caption.sty
Package: caption 2022/03/01 v3.6b Customizing captions (AR)
\c@caption@flags=\count320
\c@continuedfloat=\count321
Package caption Info: changepage package is loaded.
\caption@adjustwidth@hsize=\dimen199
\caption@adjustwidth@linewidth=\dimen256
Package caption Info: float package is loaded.
Package caption Info: floatrow package is loaded.
)
\c@KVtest=\count322
\sf@farskip=\skip261
\sf@captopadj=\dimen257
\sf@capskip=\skip262
\sf@nearskip=\skip263
\c@subfigure=\count323
\c@subfigure@save=\count324
\c@subtable=\count325
\c@subtable@save=\count326
\sf@top=\skip264
\sf@bottom=\skip265
)
(c:/texlive/2022/texmf-dist/tex/latex/adjustbox/adjustbox.sty
Package: adjustbox 2020/08/19 v1.3 Adjusting TeX boxes (trim, clip, ...)

(c:/texlive/2022/texmf-dist/tex/latex/xkeyval/xkeyval.sty
Package: xkeyval 2022/06/16 v2.9 package option processing (HA)

(c:/texlive/2022/texmf-dist/tex/generic/xkeyval/xkeyval.tex
(c:/texlive/2022/texmf-dist/tex/generic/xkeyval/xkvutils.tex
\XKV@toks=\toks30
\XKV@tempa@toks=\toks31
)
\XKV@depth=\count327
File: xkeyval.tex 2014/12/03 v2.7a key=value parser (HA)
))
(c:/texlive/2022/texmf-dist/tex/latex/adjustbox/adjcalc.sty
Package: adjcalc 2012/05/16 v1.1 Provides advanced setlength with multiple back
-ends (calc, etex, pgfmath)
)
(c:/texlive/2022/texmf-dist/tex/latex/adjustbox/trimclip.sty
Package: trimclip 2020/08/19 v1.2 Trim and clip general TeX material

(c:/texlive/2022/texmf-dist/tex/latex/collectbox/collectbox.sty
Package: collectbox 2012/05/17 v0.4b Collect macro arguments as boxes
\collectedbox=\box59
)
\tc@llx=\dimen258
\tc@lly=\dimen259
\tc@urx=\dimen260
\tc@ury=\dimen261
Package trimclip Info: Using driver 'tc-pdftex.def'.

(c:/texlive/2022/texmf-dist/tex/latex/adjustbox/tc-pdftex.def
File: tc-pdftex.def 2019/01/04 v2.2 Clipping driver for pdftex
))
\adjbox@Width=\dimen262
\adjbox@Height=\dimen263
\adjbox@Depth=\dimen264
\adjbox@Totalheight=\dimen265
\adjbox@pwidth=\dimen266
\adjbox@pheight=\dimen267
\adjbox@pdepth=\dimen268
\adjbox@ptotalheight=\dimen269

(c:/texlive/2022/texmf-dist/tex/latex/ifoddpage/ifoddpage.sty
Package: ifoddpage 2016/04/23 v1.1 Conditionals for odd/even page detection
\c@checkoddpage=\count328
LaTeX Info: Redefining \checkoddpage on input line 45.
)
(c:/texlive/2022/texmf-dist/tex/latex/varwidth/varwidth.sty
Package: varwidth 2009/03/30 ver 0.92;  Variable-width minipages
\@vwid@box=\box60
\sift@deathcycles=\count329
\@vwid@loff=\dimen270
\@vwid@roff=\dimen271
))
(c:/texlive/2022/texmf-dist/tex/latex/l3packages/xfrac/xfrac.sty
(c:/texlive/2022/texmf-dist/tex/latex/l3kernel/expl3.sty
Package: expl3 2022-09-28 L3 programming layer (loader) 

(c:/texlive/2022/texmf-dist/tex/latex/l3backend/l3backend-pdftex.def
File: l3backend-pdftex.def 2022-09-28 L3 backend support: PDF output (pdfTeX)
\l__color_backend_stack_int=\count330
\l__pdf_internal_box=\box61
))
(c:/texlive/2022/texmf-dist/tex/latex/amsmath/amstext.sty
Package: amstext 2021/08/26 v2.01 AMS text

(c:/texlive/2022/texmf-dist/tex/latex/amsmath/amsgen.sty
File: amsgen.sty 1999/11/30 v2.0 generic functions
\@emptytoks=\toks32
\ex@=\dimen272
))
(c:/texlive/2022/texmf-dist/tex/latex/l3packages/l3keys2e/l3keys2e.sty
Package: l3keys2e 2022-06-22 LaTeX2e option processing using LaTeX3 keys
)
(c:/texlive/2022/texmf-dist/tex/latex/base/textcomp.sty
Package: textcomp 2020/02/02 v2.0n Standard LaTeX package
)
(c:/texlive/2022/texmf-dist/tex/latex/l3packages/xparse/xparse.sty
Package: xparse 2022-06-22 L3 Experimental document command parser
)
(c:/texlive/2022/texmf-dist/tex/latex/l3packages/xtemplate/xtemplate.sty
Package: xtemplate 2022-06-22 L3 Experimental prototype document functions
\l__xtemplate_tmp_dim=\dimen273
\l__xtemplate_tmp_int=\count331
\l__xtemplate_tmp_muskip=\muskip16
\l__xtemplate_tmp_skip=\skip266
)
Package: xfrac 2022-06-22 L3 Experimental split-level fractions
\l__xfrac_slash_box=\box62
\l__xfrac_tmp_box=\box63
\l__xfrac_denominator_bot_sep_dim=\dimen274
\l__xfrac_numerator_bot_sep_dim=\dimen275
\l__xfrac_numerator_top_sep_dim=\dimen276
\l__xfrac_slash_left_sep_dim=\dimen277
\l__xfrac_slash_right_sep_dim=\dimen278
\l__xfrac_slash_left_muskip=\muskip17
\l__xfrac_slash_right_muskip=\muskip18

Package xtemplate Info: Declaring object type 'xfrac' taking 3 argument(s) on
(xtemplate)             line 80.

)
(c:/texlive/2022/texmf-dist/tex/latex/mathtools/mathtools.sty
Package: mathtools 2022/06/29 v1.29 mathematical typesetting tools

(c:/texlive/2022/texmf-dist/tex/latex/tools/calc.sty
Package: calc 2017/05/25 v4.3 Infix arithmetic (KKT,FJ)
\calc@Acount=\count332
\calc@Bcount=\count333
\calc@Adimen=\dimen279
\calc@Bdimen=\dimen280
\calc@Askip=\skip267
\calc@Bskip=\skip268
LaTeX Info: Redefining \setlength on input line 80.
LaTeX Info: Redefining \addtolength on input line 81.
\calc@Ccount=\count334
\calc@Cskip=\skip269
)
(c:/texlive/2022/texmf-dist/tex/latex/mathtools/mhsetup.sty
Package: mhsetup 2021/03/18 v1.4 programming setup (MH)
)
(c:/texlive/2022/texmf-dist/tex/latex/amsmath/amsmath.sty
Package: amsmath 2022/04/08 v2.17n AMS math features
\@mathmargin=\skip270

For additional information on amsmath, use the `?' option.
(c:/texlive/2022/texmf-dist/tex/latex/amsmath/amsbsy.sty
Package: amsbsy 1999/11/29 v1.2d Bold Symbols
\pmbraise@=\dimen281
)
(c:/texlive/2022/texmf-dist/tex/latex/amsmath/amsopn.sty
Package: amsopn 2022/04/08 v2.04 operator names
)
\inf@bad=\count335
LaTeX Info: Redefining \frac on input line 234.
\uproot@=\count336
\leftroot@=\count337
LaTeX Info: Redefining \overline on input line 399.
LaTeX Info: Redefining \colon on input line 410.
\classnum@=\count338
\DOTSCASE@=\count339
LaTeX Info: Redefining \ldots on input line 496.
LaTeX Info: Redefining \dots on input line 499.
LaTeX Info: Redefining \cdots on input line 620.
\Mathstrutbox@=\box64
\strutbox@=\box65
LaTeX Info: Redefining \big on input line 722.
LaTeX Info: Redefining \Big on input line 723.
LaTeX Info: Redefining \bigg on input line 724.
LaTeX Info: Redefining \Bigg on input line 725.
\big@size=\dimen282
LaTeX Font Info:    Redeclaring font encoding OML on input line 743.
LaTeX Font Info:    Redeclaring font encoding OMS on input line 744.
\macc@depth=\count340
LaTeX Info: Redefining \bmod on input line 905.
LaTeX Info: Redefining \pmod on input line 910.
LaTeX Info: Redefining \smash on input line 940.
LaTeX Info: Redefining \relbar on input line 970.
LaTeX Info: Redefining \Relbar on input line 971.
\c@MaxMatrixCols=\count341
\dotsspace@=\muskip19
\c@parentequation=\count342
\dspbrk@lvl=\count343
\tag@help=\toks33
\row@=\count344
\column@=\count345
\maxfields@=\count346
\andhelp@=\toks34
\eqnshift@=\dimen283
\alignsep@=\dimen284
\tagshift@=\dimen285
\tagwidth@=\dimen286
\totwidth@=\dimen287
\lineht@=\dimen288
\@envbody=\toks35
\multlinegap=\skip271
\multlinetaggap=\skip272
\mathdisplay@stack=\toks36
LaTeX Info: Redefining \[ on input line 2953.
LaTeX Info: Redefining \] on input line 2954.
)
\g_MT_multlinerow_int=\count347
\l_MT_multwidth_dim=\dimen289
\origjot=\skip273
\l_MT_shortvdotswithinadjustabove_dim=\dimen290
\l_MT_shortvdotswithinadjustbelow_dim=\dimen291
\l_MT_above_intertext_sep=\dimen292
\l_MT_below_intertext_sep=\dimen293
\l_MT_above_shortintertext_sep=\dimen294
\l_MT_below_shortintertext_sep=\dimen295
\xmathstrut@box=\box66
\xmathstrut@dim=\dimen296
)
(c:/texlive/2022/texmf-dist/tex/latex/mhchem/mhchem.sty
Package: mhchem 2021/12/31 v4.09 for typesetting chemical formulae

(c:/texlive/2022/texmf-dist/tex/latex/chemgreek/chemgreek.sty
Package: chemgreek 2020/01/16 v1.1a interface for upright Greek letters for use
 in chemistry (CN)
\l__chemgreek_tmpa_int=\count348
\g__chemgreek_tmpa_int=\count349
)
\l__mhchem_ce_distanceFromLastComma_int=\count350
\__mhchem_arrow_extPgfLength_skip=\skip274
\mhchem@minispace@tmp=\skip275
\mhchem@minibackspace@tmp=\skip276
\mhchem@bondwidth=\skip277
\mhchem@bondheight=\skip278
\mhchem@smallbondwidth@tmpA=\skip279
\mhchem@smallbondwidth@tmpB=\skip280
\mhchem@smallbondwidth=\skip281
\mhchem@bondtmp@minussidebearingleft=\skip282
\mhchem@bondtmp@minussidebearingright=\skip283
\l__mhchem_option_version_int=\count351
\mhchem@option@minusmathsidebearingleft=\dimen297
\mhchem@option@minusmathsidebearingright=\dimen298
\mhchem@option@minustextsidebearingleft=\dimen299
\mhchem@option@minustextsidebearingright=\dimen300
)
(c:/texlive/2022/texmf-dist/tex/latex/base/utf8.def
File: utf8.def 2022/06/07 v1.3c UTF-8 support
Now handling font encoding OML ...
... no UTF-8 mapping file for font encoding OML
Now handling font encoding OMS ...
... processing UTF-8 mapping file for font encoding OMS

(c:/texlive/2022/texmf-dist/tex/latex/base/omsenc.dfu
File: omsenc.dfu 2022/06/07 v1.3c UTF-8 support
   defining Unicode char U+00A7 (decimal 167)
   defining Unicode char U+00B6 (decimal 182)
   defining Unicode char U+00B7 (decimal 183)
   defining Unicode char U+2020 (decimal 8224)
   defining Unicode char U+2021 (decimal 8225)
   defining Unicode char U+2022 (decimal 8226)
)
Now handling font encoding OT1 ...
... processing UTF-8 mapping file for font encoding OT1

(c:/texlive/2022/texmf-dist/tex/latex/base/ot1enc.dfu
File: ot1enc.dfu 2022/06/07 v1.3c UTF-8 support
   defining Unicode char U+00A0 (decimal 160)
   defining Unicode char U+00A1 (decimal 161)
   defining Unicode char U+00A3 (decimal 163)
   defining Unicode char U+00AD (decimal 173)
   defining Unicode char U+00B8 (decimal 184)
   defining Unicode char U+00BF (decimal 191)
   defining Unicode char U+00C5 (decimal 197)
   defining Unicode char U+00C6 (decimal 198)
   defining Unicode char U+00D8 (decimal 216)
   defining Unicode char U+00DF (decimal 223)
   defining Unicode char U+00E6 (decimal 230)
   defining Unicode char U+00EC (decimal 236)
   defining Unicode char U+00ED (decimal 237)
   defining Unicode char U+00EE (decimal 238)
   defining Unicode char U+00EF (decimal 239)
   defining Unicode char U+00F8 (decimal 248)
   defining Unicode char U+0131 (decimal 305)
   defining Unicode char U+0141 (decimal 321)
   defining Unicode char U+0142 (decimal 322)
   defining Unicode char U+0152 (decimal 338)
   defining Unicode char U+0153 (decimal 339)
   defining Unicode char U+0174 (decimal 372)
   defining Unicode char U+0175 (decimal 373)
   defining Unicode char U+0176 (decimal 374)
   defining Unicode char U+0177 (decimal 375)
   defining Unicode char U+0218 (decimal 536)
   defining Unicode char U+0219 (decimal 537)
   defining Unicode char U+021A (decimal 538)
   defining Unicode char U+021B (decimal 539)
   defining Unicode char U+0237 (decimal 567)
   defining Unicode char U+2013 (decimal 8211)
   defining Unicode char U+2014 (decimal 8212)
   defining Unicode char U+2018 (decimal 8216)
   defining Unicode char U+2019 (decimal 8217)
   defining Unicode char U+201C (decimal 8220)
   defining Unicode char U+201D (decimal 8221)
   defining Unicode char U+FB00 (decimal 64256)
   defining Unicode char U+FB01 (decimal 64257)
   defining Unicode char U+FB02 (decimal 64258)
   defining Unicode char U+FB03 (decimal 64259)
   defining Unicode char U+FB04 (decimal 64260)
   defining Unicode char U+FB05 (decimal 64261)
   defining Unicode char U+FB06 (decimal 64262)
)
Now handling font encoding T1 ...
... processing UTF-8 mapping file for font encoding T1

(c:/texlive/2022/texmf-dist/tex/latex/base/t1enc.dfu
File: t1enc.dfu 2022/06/07 v1.3c UTF-8 support
   defining Unicode char U+00A0 (decimal 160)
   defining Unicode char U+00A1 (decimal 161)
   defining Unicode char U+00A3 (decimal 163)
   defining Unicode char U+00AB (decimal 171)
   defining Unicode char U+00AD (decimal 173)
   defining Unicode char U+00BB (decimal 187)
   defining Unicode char U+00BF (decimal 191)
   defining Unicode char U+00C0 (decimal 192)
   defining Unicode char U+00C1 (decimal 193)
   defining Unicode char U+00C2 (decimal 194)
   defining Unicode char U+00C3 (decimal 195)
   defining Unicode char U+00C4 (decimal 196)
   defining Unicode char U+00C5 (decimal 197)
   defining Unicode char U+00C6 (decimal 198)
   defining Unicode char U+00C7 (decimal 199)
   defining Unicode char U+00C8 (decimal 200)
   defining Unicode char U+00C9 (decimal 201)
   defining Unicode char U+00CA (decimal 202)
   defining Unicode char U+00CB (decimal 203)
   defining Unicode char U+00CC (decimal 204)
   defining Unicode char U+00CD (decimal 205)
   defining Unicode char U+00CE (decimal 206)
   defining Unicode char U+00CF (decimal 207)
   defining Unicode char U+00D0 (decimal 208)
   defining Unicode char U+00D1 (decimal 209)
   defining Unicode char U+00D2 (decimal 210)
   defining Unicode char U+00D3 (decimal 211)
   defining Unicode char U+00D4 (decimal 212)
   defining Unicode char U+00D5 (decimal 213)
   defining Unicode char U+00D6 (decimal 214)
   defining Unicode char U+00D8 (decimal 216)
   defining Unicode char U+00D9 (decimal 217)
   defining Unicode char U+00DA (decimal 218)
   defining Unicode char U+00DB (decimal 219)
   defining Unicode char U+00DC (decimal 220)
   defining Unicode char U+00DD (decimal 221)
   defining Unicode char U+00DE (decimal 222)
   defining Unicode char U+00DF (decimal 223)
   defining Unicode char U+00E0 (decimal 224)
   defining Unicode char U+00E1 (decimal 225)
   defining Unicode char U+00E2 (decimal 226)
   defining Unicode char U+00E3 (decimal 227)
   defining Unicode char U+00E4 (decimal 228)
   defining Unicode char U+00E5 (decimal 229)
   defining Unicode char U+00E6 (decimal 230)
   defining Unicode char U+00E7 (decimal 231)
   defining Unicode char U+00E8 (decimal 232)
   defining Unicode char U+00E9 (decimal 233)
   defining Unicode char U+00EA (decimal 234)
   defining Unicode char U+00EB (decimal 235)
   defining Unicode char U+00EC (decimal 236)
   defining Unicode char U+00ED (decimal 237)
   defining Unicode char U+00EE (decimal 238)
   defining Unicode char U+00EF (decimal 239)
   defining Unicode char U+00F0 (decimal 240)
   defining Unicode char U+00F1 (decimal 241)
   defining Unicode char U+00F2 (decimal 242)
   defining Unicode char U+00F3 (decimal 243)
   defining Unicode char U+00F4 (decimal 244)
   defining Unicode char U+00F5 (decimal 245)
   defining Unicode char U+00F6 (decimal 246)
   defining Unicode char U+00F8 (decimal 248)
   defining Unicode char U+00F9 (decimal 249)
   defining Unicode char U+00FA (decimal 250)
   defining Unicode char U+00FB (decimal 251)
   defining Unicode char U+00FC (decimal 252)
   defining Unicode char U+00FD (decimal 253)
   defining Unicode char U+00FE (decimal 254)
   defining Unicode char U+00FF (decimal 255)
   defining Unicode char U+0100 (decimal 256)
   defining Unicode char U+0101 (decimal 257)
   defining Unicode char U+0102 (decimal 258)
   defining Unicode char U+0103 (decimal 259)
   defining Unicode char U+0104 (decimal 260)
   defining Unicode char U+0105 (decimal 261)
   defining Unicode char U+0106 (decimal 262)
   defining Unicode char U+0107 (decimal 263)
   defining Unicode char U+0108 (decimal 264)
   defining Unicode char U+0109 (decimal 265)
   defining Unicode char U+010A (decimal 266)
   defining Unicode char U+010B (decimal 267)
   defining Unicode char U+010C (decimal 268)
   defining Unicode char U+010D (decimal 269)
   defining Unicode char U+010E (decimal 270)
   defining Unicode char U+010F (decimal 271)
   defining Unicode char U+0110 (decimal 272)
   defining Unicode char U+0111 (decimal 273)
   defining Unicode char U+0112 (decimal 274)
   defining Unicode char U+0113 (decimal 275)
   defining Unicode char U+0114 (decimal 276)
   defining Unicode char U+0115 (decimal 277)
   defining Unicode char U+0116 (decimal 278)
   defining Unicode char U+0117 (decimal 279)
   defining Unicode char U+0118 (decimal 280)
   defining Unicode char U+0119 (decimal 281)
   defining Unicode char U+011A (decimal 282)
   defining Unicode char U+011B (decimal 283)
   defining Unicode char U+011C (decimal 284)
   defining Unicode char U+011D (decimal 285)
   defining Unicode char U+011E (decimal 286)
   defining Unicode char U+011F (decimal 287)
   defining Unicode char U+0120 (decimal 288)
   defining Unicode char U+0121 (decimal 289)
   defining Unicode char U+0122 (decimal 290)
   defining Unicode char U+0123 (decimal 291)
   defining Unicode char U+0124 (decimal 292)
   defining Unicode char U+0125 (decimal 293)
   defining Unicode char U+0128 (decimal 296)
   defining Unicode char U+0129 (decimal 297)
   defining Unicode char U+012A (decimal 298)
   defining Unicode char U+012B (decimal 299)
   defining Unicode char U+012C (decimal 300)
   defining Unicode char U+012D (decimal 301)
   defining Unicode char U+012E (decimal 302)
   defining Unicode char U+012F (decimal 303)
   defining Unicode char U+0130 (decimal 304)
   defining Unicode char U+0131 (decimal 305)
   defining Unicode char U+0132 (decimal 306)
   defining Unicode char U+0133 (decimal 307)
   defining Unicode char U+0134 (decimal 308)
   defining Unicode char U+0135 (decimal 309)
   defining Unicode char U+0136 (decimal 310)
   defining Unicode char U+0137 (decimal 311)
   defining Unicode char U+0139 (decimal 313)
   defining Unicode char U+013A (decimal 314)
   defining Unicode char U+013B (decimal 315)
   defining Unicode char U+013C (decimal 316)
   defining Unicode char U+013D (decimal 317)
   defining Unicode char U+013E (decimal 318)
   defining Unicode char U+0141 (decimal 321)
   defining Unicode char U+0142 (decimal 322)
   defining Unicode char U+0143 (decimal 323)
   defining Unicode char U+0144 (decimal 324)
   defining Unicode char U+0145 (decimal 325)
   defining Unicode char U+0146 (decimal 326)
   defining Unicode char U+0147 (decimal 327)
   defining Unicode char U+0148 (decimal 328)
   defining Unicode char U+014A (decimal 330)
   defining Unicode char U+014B (decimal 331)
   defining Unicode char U+014C (decimal 332)
   defining Unicode char U+014D (decimal 333)
   defining Unicode char U+014E (decimal 334)
   defining Unicode char U+014F (decimal 335)
   defining Unicode char U+0150 (decimal 336)
   defining Unicode char U+0151 (decimal 337)
   defining Unicode char U+0152 (decimal 338)
   defining Unicode char U+0153 (decimal 339)
   defining Unicode char U+0154 (decimal 340)
   defining Unicode char U+0155 (decimal 341)
   defining Unicode char U+0156 (decimal 342)
   defining Unicode char U+0157 (decimal 343)
   defining Unicode char U+0158 (decimal 344)
   defining Unicode char U+0159 (decimal 345)
   defining Unicode char U+015A (decimal 346)
   defining Unicode char U+015B (decimal 347)
   defining Unicode char U+015C (decimal 348)
   defining Unicode char U+015D (decimal 349)
   defining Unicode char U+015E (decimal 350)
   defining Unicode char U+015F (decimal 351)
   defining Unicode char U+0160 (decimal 352)
   defining Unicode char U+0161 (decimal 353)
   defining Unicode char U+0162 (decimal 354)
   defining Unicode char U+0163 (decimal 355)
   defining Unicode char U+0164 (decimal 356)
   defining Unicode char U+0165 (decimal 357)
   defining Unicode char U+0168 (decimal 360)
   defining Unicode char U+0169 (decimal 361)
   defining Unicode char U+016A (decimal 362)
   defining Unicode char U+016B (decimal 363)
   defining Unicode char U+016C (decimal 364)
   defining Unicode char U+016D (decimal 365)
   defining Unicode char U+016E (decimal 366)
   defining Unicode char U+016F (decimal 367)
   defining Unicode char U+0170 (decimal 368)
   defining Unicode char U+0171 (decimal 369)
   defining Unicode char U+0172 (decimal 370)
   defining Unicode char U+0173 (decimal 371)
   defining Unicode char U+0174 (decimal 372)
   defining Unicode char U+0175 (decimal 373)
   defining Unicode char U+0176 (decimal 374)
   defining Unicode char U+0177 (decimal 375)
   defining Unicode char U+0178 (decimal 376)
   defining Unicode char U+0179 (decimal 377)
   defining Unicode char U+017A (decimal 378)
   defining Unicode char U+017B (decimal 379)
   defining Unicode char U+017C (decimal 380)
   defining Unicode char U+017D (decimal 381)
   defining Unicode char U+017E (decimal 382)
   defining Unicode char U+01C4 (decimal 452)
   defining Unicode char U+01C5 (decimal 453)
   defining Unicode char U+01C6 (decimal 454)
   defining Unicode char U+01C7 (decimal 455)
   defining Unicode char U+01C8 (decimal 456)
   defining Unicode char U+01C9 (decimal 457)
   defining Unicode char U+01CA (decimal 458)
   defining Unicode char U+01CB (decimal 459)
   defining Unicode char U+01CC (decimal 460)
   defining Unicode char U+01CD (decimal 461)
   defining Unicode char U+01CE (decimal 462)
   defining Unicode char U+01CF (decimal 463)
   defining Unicode char U+01D0 (decimal 464)
   defining Unicode char U+01D1 (decimal 465)
   defining Unicode char U+01D2 (decimal 466)
   defining Unicode char U+01D3 (decimal 467)
   defining Unicode char U+01D4 (decimal 468)
   defining Unicode char U+01E2 (decimal 482)
   defining Unicode char U+01E3 (decimal 483)
   defining Unicode char U+01E6 (decimal 486)
   defining Unicode char U+01E7 (decimal 487)
   defining Unicode char U+01E8 (decimal 488)
   defining Unicode char U+01E9 (decimal 489)
   defining Unicode char U+01EA (decimal 490)
   defining Unicode char U+01EB (decimal 491)
   defining Unicode char U+01F0 (decimal 496)
   defining Unicode char U+01F4 (decimal 500)
   defining Unicode char U+01F5 (decimal 501)
   defining Unicode char U+0218 (decimal 536)
   defining Unicode char U+0219 (decimal 537)
   defining Unicode char U+021A (decimal 538)
   defining Unicode char U+021B (decimal 539)
   defining Unicode char U+0232 (decimal 562)
   defining Unicode char U+0233 (decimal 563)
   defining Unicode char U+0237 (decimal 567)
   defining Unicode char U+02D9 (decimal 729)
   defining Unicode char U+02DB (decimal 731)
   defining Unicode char U+1E02 (decimal 7682)
   defining Unicode char U+1E03 (decimal 7683)
   defining Unicode char U+1E0D (decimal 7693)
   defining Unicode char U+1E1E (decimal 7710)
   defining Unicode char U+1E1F (decimal 7711)
   defining Unicode char U+1E25 (decimal 7717)
   defining Unicode char U+1E30 (decimal 7728)
   defining Unicode char U+1E31 (decimal 7729)
   defining Unicode char U+1E37 (decimal 7735)
   defining Unicode char U+1E8E (decimal 7822)
   defining Unicode char U+1E8F (decimal 7823)
   defining Unicode char U+1E43 (decimal 7747)
   defining Unicode char U+1E45 (decimal 7749)
   defining Unicode char U+1E47 (decimal 7751)
   defining Unicode char U+1E5B (decimal 7771)
   defining Unicode char U+1E63 (decimal 7779)
   defining Unicode char U+1E6D (decimal 7789)
   defining Unicode char U+1E90 (decimal 7824)
   defining Unicode char U+1E91 (decimal 7825)
   defining Unicode char U+1E9E (decimal 7838)
   defining Unicode char U+1EF2 (decimal 7922)
   defining Unicode char U+1EF3 (decimal 7923)
   defining Unicode char U+200C (decimal 8204)
   defining Unicode char U+2010 (decimal 8208)
   defining Unicode char U+2011 (decimal 8209)
   defining Unicode char U+2012 (decimal 8210)
   defining Unicode char U+2013 (decimal 8211)
   defining Unicode char U+2014 (decimal 8212)
   defining Unicode char U+2015 (decimal 8213)
   defining Unicode char U+2018 (decimal 8216)
   defining Unicode char U+2019 (decimal 8217)
   defining Unicode char U+201A (decimal 8218)
   defining Unicode char U+201C (decimal 8220)
   defining Unicode char U+201D (decimal 8221)
   defining Unicode char U+201E (decimal 8222)
   defining Unicode char U+2030 (decimal 8240)
   defining Unicode char U+2031 (decimal 8241)
   defining Unicode char U+2039 (decimal 8249)
   defining Unicode char U+203A (decimal 8250)
   defining Unicode char U+2423 (decimal 9251)
   defining Unicode char U+1E20 (decimal 7712)
   defining Unicode char U+1E21 (decimal 7713)
   defining Unicode char U+FB00 (decimal 64256)
   defining Unicode char U+FB01 (decimal 64257)
   defining Unicode char U+FB02 (decimal 64258)
   defining Unicode char U+FB03 (decimal 64259)
   defining Unicode char U+FB04 (decimal 64260)
   defining Unicode char U+FB05 (decimal 64261)
   defining Unicode char U+FB06 (decimal 64262)
)
Now handling font encoding TS1 ...
... processing UTF-8 mapping file for font encoding TS1

(c:/texlive/2022/texmf-dist/tex/latex/base/ts1enc.dfu
File: ts1enc.dfu 2022/06/07 v1.3c UTF-8 support
   defining Unicode char U+00A2 (decimal 162)
   defining Unicode char U+00A3 (decimal 163)
   defining Unicode char U+00A4 (decimal 164)
   defining Unicode char U+00A5 (decimal 165)
   defining Unicode char U+00A6 (decimal 166)
   defining Unicode char U+00A7 (decimal 167)
   defining Unicode char U+00A8 (decimal 168)
   defining Unicode char U+00A9 (decimal 169)
   defining Unicode char U+00AA (decimal 170)
   defining Unicode char U+00AC (decimal 172)
   defining Unicode char U+00AE (decimal 174)
   defining Unicode char U+00AF (decimal 175)
   defining Unicode char U+00B0 (decimal 176)
   defining Unicode char U+00B1 (decimal 177)
   defining Unicode char U+00B2 (decimal 178)
   defining Unicode char U+00B3 (decimal 179)
   defining Unicode char U+00B4 (decimal 180)
   defining Unicode char U+00B5 (decimal 181)
   defining Unicode char U+00B6 (decimal 182)
   defining Unicode char U+00B7 (decimal 183)
   defining Unicode char U+00B9 (decimal 185)
   defining Unicode char U+00BA (decimal 186)
   defining Unicode char U+00BC (decimal 188)
   defining Unicode char U+00BD (decimal 189)
   defining Unicode char U+00BE (decimal 190)
   defining Unicode char U+00D7 (decimal 215)
   defining Unicode char U+00F7 (decimal 247)
   defining Unicode char U+0192 (decimal 402)
   defining Unicode char U+02C7 (decimal 711)
   defining Unicode char U+02D8 (decimal 728)
   defining Unicode char U+02DD (decimal 733)
   defining Unicode char U+0E3F (decimal 3647)
   defining Unicode char U+2016 (decimal 8214)
   defining Unicode char U+2020 (decimal 8224)
   defining Unicode char U+2021 (decimal 8225)
   defining Unicode char U+2022 (decimal 8226)
   defining Unicode char U+2030 (decimal 8240)
   defining Unicode char U+2031 (decimal 8241)
   defining Unicode char U+203B (decimal 8251)
   defining Unicode char U+203D (decimal 8253)
   defining Unicode char U+2044 (decimal 8260)
   defining Unicode char U+204E (decimal 8270)
   defining Unicode char U+2052 (decimal 8274)
   defining Unicode char U+20A1 (decimal 8353)
   defining Unicode char U+20A4 (decimal 8356)
   defining Unicode char U+20A6 (decimal 8358)
   defining Unicode char U+20A9 (decimal 8361)
   defining Unicode char U+20AB (decimal 8363)
   defining Unicode char U+20AC (decimal 8364)
   defining Unicode char U+20B1 (decimal 8369)
   defining Unicode char U+2103 (decimal 8451)
   defining Unicode char U+2116 (decimal 8470)
   defining Unicode char U+2117 (decimal 8471)
   defining Unicode char U+211E (decimal 8478)
   defining Unicode char U+2120 (decimal 8480)
   defining Unicode char U+2122 (decimal 8482)
   defining Unicode char U+2126 (decimal 8486)
   defining Unicode char U+2127 (decimal 8487)
   defining Unicode char U+212E (decimal 8494)
   defining Unicode char U+2190 (decimal 8592)
   defining Unicode char U+2191 (decimal 8593)
   defining Unicode char U+2192 (decimal 8594)
   defining Unicode char U+2193 (decimal 8595)
   defining Unicode char U+2329 (decimal 9001)
   defining Unicode char U+3008 (decimal 12296)
   defining Unicode char U+232A (decimal 9002)
   defining Unicode char U+3009 (decimal 12297)
   defining Unicode char U+2422 (decimal 9250)
   defining Unicode char U+25E6 (decimal 9702)
   defining Unicode char U+25EF (decimal 9711)
   defining Unicode char U+266A (decimal 9834)
   defining Unicode char U+27E8 (decimal 10216)
   defining Unicode char U+27E9 (decimal 10217)
   defining Unicode char U+FEFF (decimal 65279)
)
Now handling font encoding OMX ...
... no UTF-8 mapping file for font encoding OMX
Now handling font encoding U ...
... no UTF-8 mapping file for font encoding U
   defining Unicode char U+00A9 (decimal 169)
   defining Unicode char U+00AA (decimal 170)
   defining Unicode char U+00AE (decimal 174)
   defining Unicode char U+00BA (decimal 186)
   defining Unicode char U+02C6 (decimal 710)
   defining Unicode char U+02DC (decimal 732)
   defining Unicode char U+200C (decimal 8204)
   defining Unicode char U+2026 (decimal 8230)
   defining Unicode char U+2122 (decimal 8482)
   defining Unicode char U+2423 (decimal 9251)
   defining Unicode char U+FEFF (decimal 65279)
)
(c:/texlive/2022/texmf-dist/tex/latex/base/fontenc.sty
Package: fontenc 2021/04/29 v2.0v Standard LaTeX package
)
(c:/texlive/2022/texmf-dist/tex/latex/lm/lmodern.sty
Package: lmodern 2015/05/01 v1.6.1 Latin Modern Fonts
LaTeX Font Info:    Overwriting symbol font `operators' in version `normal'
(Font)                  OT1/cmr/m/n --> OT1/lmr/m/n on input line 22.
LaTeX Font Info:    Overwriting symbol font `letters' in version `normal'
(Font)                  OML/cmm/m/it --> OML/lmm/m/it on input line 23.
LaTeX Font Info:    Overwriting symbol font `symbols' in version `normal'
(Font)                  OMS/cmsy/m/n --> OMS/lmsy/m/n on input line 24.
LaTeX Font Info:    Overwriting symbol font `largesymbols' in version `normal'
(Font)                  OMX/cmex/m/n --> OMX/lmex/m/n on input line 25.
LaTeX Font Info:    Overwriting symbol font `operators' in version `bold'
(Font)                  OT1/cmr/bx/n --> OT1/lmr/bx/n on input line 26.
LaTeX Font Info:    Overwriting symbol font `letters' in version `bold'
(Font)                  OML/cmm/b/it --> OML/lmm/b/it on input line 27.
LaTeX Font Info:    Overwriting symbol font `symbols' in version `bold'
(Font)                  OMS/cmsy/b/n --> OMS/lmsy/b/n on input line 28.
LaTeX Font Info:    Overwriting symbol font `largesymbols' in version `bold'
(Font)                  OMX/cmex/m/n --> OMX/lmex/m/n on input line 29.
LaTeX Font Info:    Overwriting math alphabet `\mathbf' in version `normal'
(Font)                  OT1/cmr/bx/n --> OT1/lmr/bx/n on input line 31.
LaTeX Font Info:    Overwriting math alphabet `\mathsf' in version `normal'
(Font)                  OT1/cmss/m/n --> OT1/lmss/m/n on input line 32.
LaTeX Font Info:    Overwriting math alphabet `\mathit' in version `normal'
(Font)                  OT1/cmr/m/it --> OT1/lmr/m/it on input line 33.
LaTeX Font Info:    Overwriting math alphabet `\mathtt' in version `normal'
(Font)                  OT1/cmtt/m/n --> OT1/lmtt/m/n on input line 34.
LaTeX Font Info:    Overwriting math alphabet `\mathbf' in version `bold'
(Font)                  OT1/cmr/bx/n --> OT1/lmr/bx/n on input line 35.
LaTeX Font Info:    Overwriting math alphabet `\mathsf' in version `bold'
(Font)                  OT1/cmss/bx/n --> OT1/lmss/bx/n on input line 36.
LaTeX Font Info:    Overwriting math alphabet `\mathit' in version `bold'
(Font)                  OT1/cmr/bx/it --> OT1/lmr/bx/it on input line 37.
LaTeX Font Info:    Overwriting math alphabet `\mathtt' in version `bold'
(Font)                  OT1/cmtt/m/n --> OT1/lmtt/m/n on input line 38.
)
(c:/texlive/2022/texmf-dist/tex/latex/microtype/microtype.sty
Package: microtype 2022/06/23 v3.0f Micro-typographical refinements (RS)
\MT@toks=\toks37
\MT@tempbox=\box67
\MT@count=\count352
LaTeX Info: Redefining \noprotrusionifhmode on input line 1045.
LaTeX Info: Redefining \leftprotrusion on input line 1046.
LaTeX Info: Redefining \rightprotrusion on input line 1056.
LaTeX Info: Redefining \textls on input line 1234.
\MT@outer@kern=\dimen301
LaTeX Info: Redefining \textmicrotypecontext on input line 1858.
\MT@listname@count=\count353

(c:/texlive/2022/texmf-dist/tex/latex/microtype/microtype-pdftex.def
File: microtype-pdftex.def 2022/06/23 v3.0f Definitions specific to pdftex (RS)

LaTeX Info: Redefining \lsstyle on input line 900.
LaTeX Info: Redefining \lslig on input line 900.
\MT@outer@space=\skip284
)
Package microtype Info: Loading configuration file microtype.cfg.

(c:/texlive/2022/texmf-dist/tex/latex/microtype/microtype.cfg
File: microtype.cfg 2022/06/23 v3.0f microtype main configuration file (RS)
))
(c:/texlive/2022/texmf-dist/tex/latex/hyperref/hyperref.sty
Package: hyperref 2022-09-22 v7.00t Hypertext links for LaTeX

(c:/texlive/2022/texmf-dist/tex/generic/ltxcmds/ltxcmds.sty
Package: ltxcmds 2020-05-10 v1.25 LaTeX kernel commands for general use (HO)
)
(c:/texlive/2022/texmf-dist/tex/generic/pdftexcmds/pdftexcmds.sty
Package: pdftexcmds 2020-06-27 v0.33 Utility functions of pdfTeX for LuaTeX (HO
)

(c:/texlive/2022/texmf-dist/tex/generic/infwarerr/infwarerr.sty
Package: infwarerr 2019/12/03 v1.5 Providing info/warning/error messages (HO)
)
Package pdftexcmds Info: \pdf@primitive is available.
Package pdftexcmds Info: \pdf@ifprimitive is available.
Package pdftexcmds Info: \pdfdraftmode found.
)
(c:/texlive/2022/texmf-dist/tex/generic/kvsetkeys/kvsetkeys.sty
Package: kvsetkeys 2019/12/15 v1.18 Key value parser (HO)
)
(c:/texlive/2022/texmf-dist/tex/generic/kvdefinekeys/kvdefinekeys.sty
Package: kvdefinekeys 2019-12-19 v1.6 Define keys (HO)
)
(c:/texlive/2022/texmf-dist/tex/generic/pdfescape/pdfescape.sty
Package: pdfescape 2019/12/09 v1.15 Implements pdfTeX's escape features (HO)
)
(c:/texlive/2022/texmf-dist/tex/latex/hycolor/hycolor.sty
Package: hycolor 2020-01-27 v1.10 Color options for hyperref/bookmark (HO)
)
(c:/texlive/2022/texmf-dist/tex/latex/letltxmacro/letltxmacro.sty
Package: letltxmacro 2019/12/03 v1.6 Let assignment for LaTeX macros (HO)
)
(c:/texlive/2022/texmf-dist/tex/latex/auxhook/auxhook.sty
Package: auxhook 2019-12-17 v1.6 Hooks for auxiliary files (HO)
)
(c:/texlive/2022/texmf-dist/tex/latex/hyperref/nameref.sty
Package: nameref 2022-05-17 v2.50 Cross-referencing by name of section

(c:/texlive/2022/texmf-dist/tex/latex/refcount/refcount.sty
Package: refcount 2019/12/15 v3.6 Data extraction from label references (HO)
)
(c:/texlive/2022/texmf-dist/tex/generic/gettitlestring/gettitlestring.sty
Package: gettitlestring 2019/12/15 v1.6 Cleanup title references (HO)

(c:/texlive/2022/texmf-dist/tex/latex/kvoptions/kvoptions.sty
Package: kvoptions 2022-06-15 v3.15 Key value format for package options (HO)
))
\c@section@level=\count354
)
\@linkdim=\dimen302
\Hy@linkcounter=\count355
\Hy@pagecounter=\count356

(c:/texlive/2022/texmf-dist/tex/latex/hyperref/pd1enc.def
File: pd1enc.def 2022-09-22 v7.00t Hyperref: PDFDocEncoding definition (HO)
Now handling font encoding PD1 ...
... no UTF-8 mapping file for font encoding PD1
)
(c:/texlive/2022/texmf-dist/tex/generic/intcalc/intcalc.sty
Package: intcalc 2019/12/15 v1.3 Expandable calculations with integers (HO)
)
(c:/texlive/2022/texmf-dist/tex/generic/etexcmds/etexcmds.sty
Package: etexcmds 2019/12/15 v1.7 Avoid name clashes with e-TeX commands (HO)
)
\Hy@SavedSpaceFactor=\count357

(c:/texlive/2022/texmf-dist/tex/latex/hyperref/puenc.def
File: puenc.def 2022-09-22 v7.00t Hyperref: PDF Unicode definition (HO)
Now handling font encoding PU ...
... no UTF-8 mapping file for font encoding PU
)
Package hyperref Info: Option `pdfusetitle' set `true' on input line 4045.
Package hyperref Info: Option `plainpages' set `false' on input line 4045.
Package hyperref Info: Hyper figures OFF on input line 4162.
Package hyperref Info: Link nesting OFF on input line 4167.
Package hyperref Info: Hyper index ON on input line 4170.
Package hyperref Info: Plain pages OFF on input line 4177.
Package hyperref Info: Backreferencing OFF on input line 4182.
Package hyperref Info: Implicit mode ON; LaTeX internals redefined.
Package hyperref Info: Bookmarks ON on input line 4410.
\c@Hy@tempcnt=\count358

(c:/texlive/2022/texmf-dist/tex/latex/url/url.sty
\Urlmuskip=\muskip20
Package: url 2013/09/16  ver 3.4  Verb mode for urls, etc.
)
LaTeX Info: Redefining \url on input line 4748.
\XeTeXLinkMargin=\dimen303

(c:/texlive/2022/texmf-dist/tex/generic/bitset/bitset.sty
Package: bitset 2019/12/09 v1.3 Handle bit-vector datatype (HO)

(c:/texlive/2022/texmf-dist/tex/generic/bigintcalc/bigintcalc.sty
Package: bigintcalc 2019/12/15 v1.5 Expandable calculations on big integers (HO
)
))
\Fld@menulength=\count359
\Field@Width=\dimen304
\Fld@charsize=\dimen305
Package hyperref Info: Hyper figures OFF on input line 6027.
Package hyperref Info: Link nesting OFF on input line 6032.
Package hyperref Info: Hyper index ON on input line 6035.
Package hyperref Info: backreferencing OFF on input line 6042.
Package hyperref Info: Link coloring OFF on input line 6047.
Package hyperref Info: Link coloring with OCG OFF on input line 6052.
Package hyperref Info: PDF/A mode OFF on input line 6057.

(c:/texlive/2022/texmf-dist/tex/latex/base/atbegshi-ltx.sty
Package: atbegshi-ltx 2021/01/10 v1.0c Emulation of the original atbegshi
package with kernel methods
)
\Hy@abspage=\count360
\c@Item=\count361
\c@Hfootnote=\count362
)
Package hyperref Info: Driver (autodetected): hpdftex.

(c:/texlive/2022/texmf-dist/tex/latex/hyperref/hpdftex.def
File: hpdftex.def 2022-09-22 v7.00t Hyperref driver for pdfTeX

(c:/texlive/2022/texmf-dist/tex/latex/base/atveryend-ltx.sty
Package: atveryend-ltx 2020/08/19 v1.0a Emulation of the original atveryend pac
kage
with kernel methods
)
\Fld@listcount=\count363
\c@bookmark@seq@number=\count364

(c:/texlive/2022/texmf-dist/tex/latex/rerunfilecheck/rerunfilecheck.sty
Package: rerunfilecheck 2022-07-10 v1.10 Rerun checks for auxiliary files (HO)

(c:/texlive/2022/texmf-dist/tex/generic/uniquecounter/uniquecounter.sty
Package: uniquecounter 2019/12/15 v1.4 Provide unlimited unique counter (HO)
)
Package uniquecounter Info: New unique counter `rerunfilecheck' on input line 2
85.
)
\Hy@SectionHShift=\skip285
)
(c:/texlive/2022/texmf-dist/tex/latex/memoir/memhfixc.sty
Package: memhfixc 2021/06/16 v1.19 nameref/hyperref package fixes for memoir cl
ass

Redoing nameref's sectioning
Redoing nameref's label
LaTeX Info: Redefining \nameref on input line 102.
\c@memhycontfloat=\count365
\c@Hpagenote=\count366
) (c:/texlive/2022/texmf-dist/tex/latex/lipsum/lipsum.sty
Package: lipsum 2021-09-20 v2.7 150 paragraphs of Lorem Ipsum dummy text
\g__lipsum_par_int=\count367
\l__lipsum_a_int=\count368
\l__lipsum_b_int=\count369

(c:/texlive/2022/texmf-dist/tex/latex/lipsum/lipsum.ltd.tex))
LaTeX Font Info:    Trying to load font information for T1+lmr on input line 45
.

(c:/texlive/2022/texmf-dist/tex/latex/lm/t1lmr.fd
File: t1lmr.fd 2015/05/01 v1.6.1 Font defs for Latin Modern
) (./thesis.aux (./intro.aux)
(./chap-1.aux) (./chap-2.aux) (./chap-3.aux) (./conclusion.aux) (./app-A.aux)
(./app-B.aux) (./app-C.aux))
\openout1 = `thesis.aux'.

LaTeX Font Info:    Checking defaults for OML/cmm/m/it on input line 45.
LaTeX Font Info:    ... okay on input line 45.
LaTeX Font Info:    Checking defaults for OMS/cmsy/m/n on input line 45.
LaTeX Font Info:    ... okay on input line 45.
LaTeX Font Info:    Checking defaults for OT1/cmr/m/n on input line 45.
LaTeX Font Info:    ... okay on input line 45.
LaTeX Font Info:    Checking defaults for T1/cmr/m/n on input line 45.
LaTeX Font Info:    ... okay on input line 45.
LaTeX Font Info:    Checking defaults for TS1/cmr/m/n on input line 45.
LaTeX Font Info:    ... okay on input line 45.
LaTeX Font Info:    Checking defaults for OMX/cmex/m/n on input line 45.
LaTeX Font Info:    ... okay on input line 45.
LaTeX Font Info:    Checking defaults for U/cmr/m/n on input line 45.
LaTeX Font Info:    ... okay on input line 45.
LaTeX Font Info:    Checking defaults for PD1/pdf/m/n on input line 45.
LaTeX Font Info:    ... okay on input line 45.
LaTeX Font Info:    Checking defaults for PU/pdf/m/n on input line 45.
LaTeX Font Info:    ... okay on input line 45.


******************************************************
Stock height and width: 845.04684pt by 597.50787pt
Top and edge trims: 0pt and 0pt
Page height and width: 845.04684pt by 597.50787pt
Text height and width: 609.40027pt by 398pt
Spine and edge margins: 79.6665pt and 119.50279pt
Upper and lower margins: 106.09436pt and 129.55222pt
Headheight and headsep: 13.6pt and 19.8738pt
Footskip: 27.46295pt
Columnsep and columnseprule: 10pt and 0pt
Marginparsep and marginparwidth: 16.31996pt and 86.86287pt
Sidecapsep and sidecapwidth: 7pt and 101pt
Sidebarhsep and sidebarwidth: 7pt and 101pt
Sidebarvsep and sidebartopsep: 13.6pt and 0pt
Sidebarheight: 594.32022pt
Sidefoothsep and sidefootwidth: 7pt and 101pt
Sidefootvsep and sidefootheight: 13.6pt and 594.32022pt
******************************************************

(c:/texlive/2022/texmf-dist/tex/context/base/mkii/supp-pdf.mkii
[Loading MPS to PDF converter (version 2006.09.02).]
\scratchcounter=\count370
\scratchdimen=\dimen306
\scratchbox=\box68
\nofMPsegments=\count371
\nofMParguments=\count372
\everyMPshowfont=\toks38
\MPscratchCnt=\count373
\MPscratchDim=\dimen307
\MPnumerator=\count374
\makeMPintoPDFobject=\count375
\everyMPtoPDFconversion=\toks39
) (c:/texlive/2022/texmf-dist/tex/latex/epstopdf-pkg/epstopdf-base.sty
Package: epstopdf-base 2020-01-24 v2.11 Base part for package epstopdf
Package epstopdf-base Info: Redefining graphics rule for `.eps' on input line 4
85.

(c:/texlive/2022/texmf-dist/tex/latex/latexconfig/epstopdf-sys.cfg
File: epstopdf-sys.cfg 2010/07/13 v1.3 Configuration of (r)epstopdf for TeX Liv
e
))
Package caption Info: Begin \AtBeginDocument code.
Package caption Info: subfig package v1.3 is loaded.
Package caption Info: hyperref package is loaded.
Package caption Info: End \AtBeginDocument code.

(c:/texlive/2022/texmf-dist/tex/latex/floatrow/fr-subfig.sty
Package: fr-subfig 2007/12/24 v0.1g (beta) floatrow: additions for subfig
\FBsc@max=\skip286
\FBso@max=\skip287
)

Package chemgreek Info: Activating mapping `default' on line 45.

LaTeX Info: Redefining \microtypecontext on input line 45.
Package microtype Info: Applying patch `item' on input line 45.
Package microtype Info: Applying patch `toc' on input line 45.
Package microtype Info: Applying patch `eqnum' on input line 45.
Package microtype Info: Applying patch `footnote' on input line 45.
Package microtype Info: Generating PDF output.
Package microtype Info: Character protrusion enabled (level 2).
Package microtype Info: Using default protrusion set `alltext'.
Package microtype Info: Automatic font expansion enabled (level 2),
(microtype)             stretch: 20, shrink: 20, step: 1, non-selected.
Package microtype Info: Using default expansion set `alltext-nott'.
LaTeX Info: Redefining \showhyphens on input line 45.
Package microtype Info: No adjustment of tracking.
Package microtype Info: No adjustment of interword spacing.
Package microtype Info: No adjustment of character kerning.

(c:/texlive/2022/texmf-dist/tex/latex/microtype/mt-cmr.cfg
File: mt-cmr.cfg 2013/05/19 v2.2 microtype config. file: Computer Modern Roman 
(RS)
)
Package hyperref Info: Link coloring OFF on input line 45.
 (./thesis.out)
(./thesis.out)
\@outlinefile=\write4
\openout4 = `thesis.out'.

Package microtype Info: Loading generic protrusion settings for font family
(microtype)             `kulemtfpf' (encoding: T1).
(microtype)             For optimal results, create family-specific settings.
(microtype)             See the microtype manual for details.
<logokul.pdf, id=192, 159.33528pt x 56.90298pt>
File: logokul.pdf Graphic file (type pdf)
<use logokul.pdf>
Package pdftex.def Info: logokul.pdf  used on input line 45.
(pdftex.def)             Requested size: 159.33487pt x 56.90283pt.
<logotud.png, id=193, 2007.5pt x 582.175pt>
File: logotud.png Graphic file (type png)
<use logotud.png>
Package pdftex.def Info: logotud.png  used on input line 45.
(pdftex.def)             Requested size: 196.1976pt x 56.9055pt.
LaTeX Font Info:    Font shape `T1/kulemtfpf/b/n' in size <12> not available
(Font)              Font shape `T1/kulemtfpf/bx/n' tried instead on input line 
45.
LaTeX Font Info:    Font shape `T1/kulemtfpf/b/n' in size <14.4> not available
(Font)              Font shape `T1/kulemtfpf/bx/n' tried instead on input line 
45.
 [-1


{c:/texlive/2022/texmf-var/fonts/map/pdftex/updmap/pdftex.map} <./logokul.pdf> 
<./logotud.png>]
LaTeX Font Info:    Trying to load font information for TS1+lmr on input line 4
5.

(c:/texlive/2022/texmf-dist/tex/latex/lm/ts1lmr.fd
File: ts1lmr.fd 2015/05/01 v1.6.1 Font defs for Latin Modern
) [0


] [1



] (./thesis.toc
LaTeX Font Info:    Trying to load font information for OT1+lmr on input line 8
.

(c:/texlive/2022/texmf-dist/tex/latex/lm/ot1lmr.fd
File: ot1lmr.fd 2015/05/01 v1.6.1 Font defs for Latin Modern
)
LaTeX Font Info:    Trying to load font information for OML+lmm on input line 8
.

(c:/texlive/2022/texmf-dist/tex/latex/lm/omllmm.fd
File: omllmm.fd 2015/05/01 v1.6.1 Font defs for Latin Modern
)
LaTeX Font Info:    Trying to load font information for OMS+lmsy on input line 
8.

(c:/texlive/2022/texmf-dist/tex/latex/lm/omslmsy.fd
File: omslmsy.fd 2015/05/01 v1.6.1 Font defs for Latin Modern
)
LaTeX Font Info:    Trying to load font information for OMX+lmex on input line 
8.

(c:/texlive/2022/texmf-dist/tex/latex/lm/omxlmex.fd
File: omxlmex.fd 2015/05/01 v1.6.1 Font defs for Latin Modern
)
LaTeX Font Info:    External font `lmex10' loaded for size
(Font)              <10.95> on input line 8.
LaTeX Font Info:    External font `lmex10' loaded for size
(Font)              <8> on input line 8.
LaTeX Font Info:    External font `lmex10' loaded for size
(Font)              <6> on input line 8.

Overfull \hbox (0.1675pt too wide) detected at line 12
 \T1/lmr/bx/n/10.95 viii
 []

[2


])
Package microtype Info: Character `029' is missing
(microtype)             in font `T1/lmr/m/sc/10.95'.
(microtype)             Ignoring protrusion settings for this character.
 [3] [4

] (./thesis.lof [5


]) [6] (./thesis.lot) [7

]
Overfull \hbox (1.58633pt too wide) in paragraph at lines 77--77
[]|\T1/lmr/m/n/10.95 (-20) p(g3T2-
 []

[8

]
\openout2 = `intro.aux'.

 (./intro.tex [1



]) [2]
\openout2 = `chap-1.aux'.

 (./chap-1.tex

pdfTeX warning: pdflatex.exe (file ./Images/pdf/ediagram.pdf): PDF inclusion: f
ound PDF version <1.7>, but at most version <1.5> allowed
<Images/pdf/ediagram.pdf, id=462, 871.12567pt x 658.8029pt>
File: Images/pdf/ediagram.pdf Graphic file (type pdf)
<use Images/pdf/ediagram.pdf>
Package pdftex.def Info: Images/pdf/ediagram.pdf  used on input line 20.
(pdftex.def)             Requested size: 170.71652pt x 129.10439pt.
[3




 <./Images/pdf/ediagram.pdf>]

pdfTeX warning: pdflatex.exe (file ./Images/pdf/deg_pol.pdf): PDF inclusion: fo
und PDF version <1.7>, but at most version <1.5> allowed
<Images/pdf/deg_pol.pdf, id=475, 847.57468pt x 370.19937pt>
File: Images/pdf/deg_pol.pdf Graphic file (type pdf)
<use Images/pdf/deg_pol.pdf>
Package pdftex.def Info: Images/pdf/deg_pol.pdf  used on input line 42.
(pdftex.def)             Requested size: 341.43306pt x 149.12779pt.


pdfTeX warning: pdflatex.exe (file ./Images/pdf/doping.pdf): PDF inclusion: fou
nd PDF version <1.7>, but at most version <1.5> allowed
<Images/pdf/doping.pdf, id=482, 487.06969pt x 127.97812pt>
File: Images/pdf/doping.pdf Graphic file (type pdf)
<use Images/pdf/doping.pdf>
Package pdftex.def Info: Images/pdf/doping.pdf  used on input line 57.
(pdftex.def)             Requested size: 341.43306pt x 89.71295pt.
[4 <./Images/pdf/deg_pol.pdf>]

pdfTeX warning: pdflatex.exe (file ./Images/pdf/bipolaron.pdf): PDF inclusion: 
found PDF version <1.7>, but at most version <1.5> allowed
<Images/pdf/bipolaron.pdf, id=498, 779.64615pt x 585.76991pt>
File: Images/pdf/bipolaron.pdf Graphic file (type pdf)
<use Images/pdf/bipolaron.pdf>
Package pdftex.def Info: Images/pdf/bipolaron.pdf  used on input line 67.
(pdftex.def)             Requested size: 284.52756pt x 213.77295pt.


pdfTeX warning: pdflatex.exe (file ./Images/pdf/bipolaron_bands.pdf): PDF inclu
sion: found PDF version <1.7>, but at most version <1.5> allowed
<Images/pdf/bipolaron_bands.pdf, id=501, 1714.01695pt x 795.08101pt>
File: Images/pdf/bipolaron_bands.pdf Graphic file (type pdf)
<use Images/pdf/bipolaron_bands.pdf>
Package pdftex.def Info: Images/pdf/bipolaron_bands.pdf  used on input line 76.

(pdftex.def)             Requested size: 284.52756pt x 131.98341pt.
[5 <./Images/pdf/doping.pdf> <./Images/pdf/bipolaron.pdf>] [6 <./Images/pdf/bip
olaron_bands.pdf>]

pdfTeX warning: pdflatex.exe (file ./Images/pdf/OMIEC_types.pdf): PDF inclusion
: found PDF version <1.7>, but at most version <1.5> allowed
<Images/pdf/OMIEC_types.pdf, id=538, 670.84955pt x 542.10066pt>
File: Images/pdf/OMIEC_types.pdf Graphic file (type pdf)
<use Images/pdf/OMIEC_types.pdf>
Package pdftex.def Info: Images/pdf/OMIEC_types.pdf  used on input line 104.
(pdftex.def)             Requested size: 398.0pt x 321.61505pt.

Underfull \vbox (badness 10000) has occurred while \output is active []

 [7 <./Images/pdf/OMIEC_types.pdf>]

pdfTeX warning: pdflatex.exe (file ./Images/pdf/OMIECetransport1.pdf): PDF incl
usion: found PDF version <1.7>, but at most version <1.5> allowed
<Images/pdf/OMIECetransport1.pdf, id=554, 179.8997pt x 182.15785pt>
File: Images/pdf/OMIECetransport1.pdf Graphic file (type pdf)
<use Images/pdf/OMIECetransport1.pdf>
Package pdftex.def Info: Images/pdf/OMIECetransport1.pdf  used on input line 13
5.
(pdftex.def)             Requested size: 142.26378pt x 144.05598pt.


pdfTeX warning: pdflatex.exe (file ./Images/pdf/OMIECetransport2.pdf): PDF incl
usion: found PDF version <1.7>, but at most version <1.5> allowed
<Images/pdf/OMIECetransport2.pdf, id=555, 641.31606pt x 555.50621pt>
File: Images/pdf/OMIECetransport2.pdf Graphic file (type pdf)
<use Images/pdf/OMIECetransport2.pdf>
Package pdftex.def Info: Images/pdf/OMIECetransport2.pdf  used on input line 13
8.
(pdftex.def)             Requested size: 142.26378pt x 123.22041pt.
[8 <./Images/pdf/OMIECetransport1.pdf> <./Images/pdf/OMIECetransport2.pdf>]

pdfTeX warning: pdflatex.exe (file ./Images/pdf/OMIECitransport1.pdf): PDF incl
usion: found PDF version <1.7>, but at most version <1.5> allowed
<Images/pdf/OMIECitransport1.pdf, id=576, 757.98741pt x 359.04669pt>
File: Images/pdf/OMIECitransport1.pdf Graphic file (type pdf)
<use Images/pdf/OMIECitransport1.pdf>
Package pdftex.def Info: Images/pdf/OMIECitransport1.pdf  used on input line 16
0.
(pdftex.def)             Requested size: 199.16928pt x 94.34155pt.


pdfTeX warning: pdflatex.exe (file ./Images/pdf/OMIECitransport2.pdf): PDF incl
usion: found PDF version <1.7>, but at most version <1.5> allowed
<Images/pdf/OMIECitransport2.pdf, id=577, 648.09058pt x 446.36203pt>
File: Images/pdf/OMIECitransport2.pdf Graphic file (type pdf)
<use Images/pdf/OMIECitransport2.pdf>
Package pdftex.def Info: Images/pdf/OMIECitransport2.pdf  used on input line 16
3.
(pdftex.def)             Requested size: 142.26378pt x 97.982pt.
[9 <./Images/pdf/OMIECitransport1.pdf> <./Images/pdf/OMIECitransport2.pdf>]

pdfTeX warning: pdflatex.exe (file ./Images/pdf/MOSFETvsOECTs.pdf): PDF inclusi
on: found PDF version <1.7>, but at most version <1.5> allowed
<Images/pdf/MOSFETvsOECTs.pdf, id=604, 845.05814pt x 205.36128pt>
File: Images/pdf/MOSFETvsOECTs.pdf Graphic file (type pdf)
<use Images/pdf/MOSFETvsOECTs.pdf>
Package pdftex.def Info: Images/pdf/MOSFETvsOECTs.pdf  used on input line 203.
(pdftex.def)             Requested size: 398.0pt x 96.72035pt.
[10 <./Images/pdf/MOSFETvsOECTs.pdf>]

pdfTeX warning: pdflatex.exe (file ./Images/pdf/structure.pdf): PDF inclusion: 
found PDF version <1.7>, but at most version <1.5> allowed
<Images/pdf/structure.pdf, id=621, 379.094pt x 321.87228pt>
File: Images/pdf/structure.pdf Graphic file (type pdf)
<use Images/pdf/structure.pdf>
Package pdftex.def Info: Images/pdf/structure.pdf  used on input line 216.
(pdftex.def)             Requested size: 113.81102pt x 96.63118pt.


pdfTeX warning: pdflatex.exe (file ./Images/pdf/circuits.pdf): PDF inclusion: f
ound PDF version <1.7>, but at most version <1.5> allowed
<Images/pdf/circuits.pdf, id=622, 1616.8392pt x 672.93025pt>
File: Images/pdf/circuits.pdf Graphic file (type pdf)
<use Images/pdf/circuits.pdf>
Package pdftex.def Info: Images/pdf/circuits.pdf  used on input line 221.
(pdftex.def)             Requested size: 241.84842pt x 100.65794pt.


pdfTeX warning: pdflatex.exe (file ./Images/pdf/depletion.pdf): PDF inclusion: 
found PDF version <1.7>, but at most version <1.5> allowed
<Images/pdf/depletion.pdf, id=626, 409.21072pt x 464.92662pt>
File: Images/pdf/depletion.pdf Graphic file (type pdf)
<use Images/pdf/depletion.pdf>
Package pdftex.def Info: Images/pdf/depletion.pdf  used on input line 244.
(pdftex.def)             Requested size: 175.30154pt x 199.16928pt.


pdfTeX warning: pdflatex.exe (file ./Images/pdf/accumulation.pdf): PDF inclusio
n: found PDF version <1.7>, but at most version <1.5> allowed
<Images/pdf/accumulation.pdf, id=627, 402.81093pt x 461.16202pt>
File: Images/pdf/accumulation.pdf Graphic file (type pdf)
<use Images/pdf/accumulation.pdf>
Package pdftex.def Info: Images/pdf/accumulation.pdf  used on input line 246.
(pdftex.def)             Requested size: 173.96747pt x 199.16928pt.
[11 <./Images/pdf/structure.pdf> <./Images/pdf/circuits.pdf>] [12 <./Images/pdf
/depletion.pdf> <./Images/pdf/accumulation.pdf>]

pdfTeX warning: pdflatex.exe (file ./Images/pdf/g2T-T.pdf): PDF inclusion: foun
d PDF version <1.7>, but at most version <1.5> allowed
<Images/pdf/g2T-T.pdf, id=676, 239.4278pt x 112.18472pt>
File: Images/pdf/g2T-T.pdf Graphic file (type pdf)
<use Images/pdf/g2T-T.pdf>
Package pdftex.def Info: Images/pdf/g2T-T.pdf  used on input line 272.
(pdftex.def)             Requested size: 199.16928pt x 93.32211pt.


pdfTeX warning: pdflatex.exe (file ./Images/pdf/pg3t+perf.pdf): PDF inclusion: 
found PDF version <1.7>, but at most version <1.5> allowed
<Images/pdf/pg3t+perf.pdf, id=683, 601.4972pt x 281.55188pt>
File: Images/pdf/pg3t+perf.pdf Graphic file (type pdf)
<use Images/pdf/pg3t+perf.pdf>
Package pdftex.def Info: Images/pdf/pg3t+perf.pdf  used on input line 285.
(pdftex.def)             Requested size: 284.52756pt x 133.18861pt.
[13 <./Images/pdf/g2T-T.pdf> <./Images/pdf/pg3t+perf.pdf>]
LaTeX Font Info:    Calculating math sizes for size <7.665> on input line 319.
LaTeX Font Info:    External font `lmex10' loaded for size
(Font)              <7.665> on input line 319.
LaTeX Font Info:    External font `lmex10' loaded for size
(Font)              <5.36546> on input line 319.
LaTeX Font Info:    External font `lmex10' loaded for size
(Font)              <3.83249> on input line 319.
 [14]

pdfTeX warning: pdflatex.exe (file ./Images/pdf/gm_sizes.pdf): PDF inclusion: f
ound PDF version <1.7>, but at most version <1.5> allowed
<Images/pdf/gm_sizes.pdf, id=721, 110.67888pt x 128.7489pt>
File: Images/pdf/gm_sizes.pdf Graphic file (type pdf)
<use Images/pdf/gm_sizes.pdf>
Package pdftex.def Info: Images/pdf/gm_sizes.pdf  used on input line 339.
(pdftex.def)             Requested size: 128.0374pt x 148.95001pt.


pdfTeX warning: pdflatex.exe (file ./Images/pdf/uc_omiecs.pdf): PDF inclusion: 
found PDF version <1.7>, but at most version <1.5> allowed
<Images/pdf/uc_omiecs.pdf, id=722, 795.45741pt x 592.16968pt>
File: Images/pdf/uc_omiecs.pdf Graphic file (type pdf)
<use Images/pdf/uc_omiecs.pdf>
Package pdftex.def Info: Images/pdf/uc_omiecs.pdf  used on input line 341.
(pdftex.def)             Requested size: 199.16928pt x 148.26794pt.
[15 <./Images/pdf/gm_sizes.pdf> <./Images/pdf/uc_omiecs.pdf>]

pdfTeX warning: pdflatex.exe (file ./Images/pdf/wf_shift.pdf): PDF inclusion: f
ound PDF version <1.7>, but at most version <1.5> allowed
<Images/pdf/wf_shift.pdf, id=746, 383.18156pt x 280.79906pt>
File: Images/pdf/wf_shift.pdf Graphic file (type pdf)
<use Images/pdf/wf_shift.pdf>
Package pdftex.def Info: Images/pdf/wf_shift.pdf  used on input line 371.
(pdftex.def)             Requested size: 165.02606pt x 120.93405pt.


pdfTeX warning: pdflatex.exe (file ./Images/pdf/vth_shift.pdf): PDF inclusion: 
found PDF version <1.7>, but at most version <1.5> allowed
<Images/pdf/vth_shift.pdf, id=747, 317.73123pt x 224.36945pt>
File: Images/pdf/vth_shift.pdf Graphic file (type pdf)
<use Images/pdf/vth_shift.pdf>
Package pdftex.def Info: Images/pdf/vth_shift.pdf  used on input line 373.
(pdftex.def)             Requested size: 142.26378pt x 100.46204pt.
[16 <./Images/pdf/wf_shift.pdf> <./Images/pdf/vth_shift.pdf>] [17]

pdfTeX warning: pdflatex.exe (file ./Images/pdf/ORR.pdf): PDF inclusion: found 
PDF version <1.7>, but at most version <1.5> allowed
<Images/pdf/ORR.pdf, id=788, 547.06728pt x 379.31166pt>
File: Images/pdf/ORR.pdf Graphic file (type pdf)
<use Images/pdf/ORR.pdf>
Package pdftex.def Info: Images/pdf/ORR.pdf  used on input line 441.
(pdftex.def)             Requested size: 284.52756pt x 197.27792pt.
) [18 <./Images/pdf/ORR.pdf>]
\openout2 = `chap-2.aux'.

 (./chap-2.tex
Overfull \hbox (11.3187pt too wide) in paragraph at lines 10--11
[]\T1/lmr/m/n/10.95 (-20) Gold etchant: HH-PAA (2-Hydroxy-4'-(2-hydroxyethoxy)-
2-methylpropiophenone),
 []

[19




] [20] [21]

pdfTeX warning: pdflatex.exe (file ./Images/pdf/photomask.pdf): PDF inclusion: 
found PDF version <1.7>, but at most version <1.5> allowed
<Images/pdf/photomask.pdf, id=829, 500.50737pt x 542.47536pt>
File: Images/pdf/photomask.pdf Graphic file (type pdf)
<use Images/pdf/photomask.pdf>
Package pdftex.def Info: Images/pdf/photomask.pdf  used on input line 98.
(pdftex.def)             Requested size: 142.26378pt x 154.1932pt.
[22 <./Images/pdf/photomask.pdf>]

pdfTeX warning: pdflatex.exe (file ./Images/pdf/doping_formulas1.pdf): PDF incl
usion: found PDF version <1.7>, but at most version <1.5> allowed
<Images/pdf/doping_formulas1.pdf, id=841, 574.8526pt x 271.4268pt>
File: Images/pdf/doping_formulas1.pdf Graphic file (type pdf)
<use Images/pdf/doping_formulas1.pdf>
Package pdftex.def Info: Images/pdf/doping_formulas1.pdf  used on input line 11
1.
(pdftex.def)             Requested size: 227.62204pt x 107.4754pt.


pdfTeX warning: pdflatex.exe (file ./Images/pdf/spin_coating.pdf): PDF inclusio
n: found PDF version <1.7>, but at most version <1.5> allowed
<Images/pdf/spin_coating.pdf, id=843, 1004.76851pt x 452.50348pt>
File: Images/pdf/spin_coating.pdf Graphic file (type pdf)
<use Images/pdf/spin_coating.pdf>
Package pdftex.def Info: Images/pdf/spin_coating.pdf  used on input line 120.
(pdftex.def)             Requested size: 284.52756pt x 128.13626pt.
[23 <./Images/pdf/doping_formulas1.pdf> <./Images/pdf/spin_coating.pdf>]

pdfTeX warning: pdflatex.exe (file ./Images/pdf/Au-patterning.pdf): PDF inclusi
on: found PDF version <1.7>, but at most version <1.5> allowed
<Images/pdf/Au-patterning.pdf, id=864, 591.41675pt x 263.89763pt>
File: Images/pdf/Au-patterning.pdf Graphic file (type pdf)
<use Images/pdf/Au-patterning.pdf>
Package pdftex.def Info: Images/pdf/Au-patterning.pdf  used on input line 174.
(pdftex.def)             Requested size: 327.20668pt x 146.00586pt.
[24]

pdfTeX warning: pdflatex.exe (file ./Images/pdf/undoped-patterning.pdf): PDF in
clusion: found PDF version <1.7>, but at most version <1.5> allowed
<Images/pdf/undoped-patterning.pdf, id=887, 1551.01025pt x 467.56184pt>
File: Images/pdf/undoped-patterning.pdf Graphic file (type pdf)
<use Images/pdf/undoped-patterning.pdf>
Package pdftex.def Info: Images/pdf/undoped-patterning.pdf  used on input line 
185.
(pdftex.def)             Requested size: 355.65944pt x 107.21591pt.
[25 <./Images/pdf/Au-patterning.pdf> <./Images/pdf/undoped-patterning.pdf>]

pdfTeX warning: pdflatex.exe (file ./Images/pdf/doped-patterning.pdf): PDF incl
usion: found PDF version <1.7>, but at most version <1.5> allowed
<Images/pdf/doped-patterning.pdf, id=900, 1177.18666pt x 468.69121pt>
File: Images/pdf/doped-patterning.pdf Graphic file (type pdf)
<use Images/pdf/doped-patterning.pdf>
Package pdftex.def Info: Images/pdf/doped-patterning.pdf  used on input line 19
4.
(pdftex.def)             Requested size: 312.9803pt x 124.61021pt.


pdfTeX warning: pdflatex.exe (file ./Images/pdf/bioprobe_setup.pdf): PDF inclus
ion: found PDF version <1.7>, but at most version <1.5> allowed
<Images/pdf/bioprobe_setup.pdf, id=905, 643.74457pt x 342.95396pt>
File: Images/pdf/bioprobe_setup.pdf Graphic file (type pdf)
<use Images/pdf/bioprobe_setup.pdf>
Package pdftex.def Info: Images/pdf/bioprobe_setup.pdf  used on input line 219.

(pdftex.def)             Requested size: 170.71652pt x 90.94516pt.
[26 <./Images/pdf/doped-patterning.pdf>]

pdfTeX warning: pdflatex.exe (file ./Images/pdf/doping_formulas2.pdf): PDF incl
usion: found PDF version <1.7>, but at most version <1.5> allowed
<Images/pdf/doping_formulas2.pdf, id=917, 577.48781pt x 271.05032pt>
File: Images/pdf/doping_formulas2.pdf Graphic file (type pdf)
<use Images/pdf/doping_formulas2.pdf>
Package pdftex.def Info: Images/pdf/doping_formulas2.pdf  used on input line 23
4.
(pdftex.def)             Requested size: 213.39566pt x 100.15883pt.

Overfull \hbox (15.57094pt too wide) in paragraph at lines 246--247
[]\T1/lmr/bx/n/10.95 (-20) Channel con-duc-tiv-ity mea-sure-ments.[] \T1/lmr/m/
n/10.95 (-20) Un-doped p(g3T2-T) sam-ples onto patterned-
 []

[27 <./Images/pdf/bioprobe_setup.pdf> <./Images/pdf/doping_formulas2.pdf>]
[28]

pdfTeX warning: pdflatex.exe (file ./Images/pdf/undoped-sse.pdf): PDF inclusion
: found PDF version <1.7>, but at most version <1.5> allowed
<Images/pdf/undoped-sse.pdf, id=952, 1632.70181pt x 752.91757pt>
File: Images/pdf/undoped-sse.pdf Graphic file (type pdf)
<use Images/pdf/undoped-sse.pdf>
Package pdftex.def Info: Images/pdf/undoped-sse.pdf  used on input line 280.
(pdftex.def)             Requested size: 398.0pt x 183.53009pt.
[29 <./Images/pdf/undoped-sse.pdf>]

pdfTeX warning: pdflatex.exe (file ./Images/pdf/doped-sse.pdf): PDF inclusion: 
found PDF version <1.7>, but at most version <1.5> allowed
<Images/pdf/doped-sse.pdf, id=967, 1069.14299pt x 228.88695pt>
File: Images/pdf/doped-sse.pdf Graphic file (type pdf)
<use Images/pdf/doped-sse.pdf>
Package pdftex.def Info: Images/pdf/doped-sse.pdf  used on input line 292.
(pdftex.def)             Requested size: 298.75394pt x 63.95868pt.
) [30 <./Images/pdf/doped-sse.pdf>]
\openout2 = `chap-3.aux'.

 (./chap-3.tex

pdfTeX warning: pdflatex.exe (file ./Images/pdf/doping_color.pdf): PDF inclusio
n: found PDF version <1.7>, but at most version <1.5> allowed
<Images/pdf/doping_color.pdf, id=977, 970.51077pt x 265.40344pt>
File: Images/pdf/doping_color.pdf Graphic file (type pdf)
<use Images/pdf/doping_color.pdf>
Package pdftex.def Info: Images/pdf/doping_color.pdf  used on input line 9.
(pdftex.def)             Requested size: 270.30118pt x 73.91557pt.
[31




 <./Images/pdf/doping_color.pdf>]

pdfTeX warning: pdflatex.exe (file ./Images/pdf/resist.pdf): PDF inclusion: fou
nd PDF version <1.7>, but at most version <1.5> allowed
<Images/pdf/resist.pdf, id=989, 650.43129pt x 469.75595pt>
File: Images/pdf/resist.pdf Graphic file (type pdf)
<use Images/pdf/resist.pdf>
Package pdftex.def Info: Images/pdf/resist.pdf  used on input line 35.
(pdftex.def)             Requested size: 227.62204pt x 164.39554pt.


pdfTeX warning: pdflatex.exe (file ./Images/pdf/abs_v2.pdf): PDF inclusion: fou
nd PDF version <1.7>, but at most version <1.5> allowed
<Images/pdf/abs_v2.pdf, id=992, 2052.07693pt x 841.00894pt>
File: Images/pdf/abs_v2.pdf Graphic file (type pdf)
<use Images/pdf/abs_v2.pdf>
Package pdftex.def Info: Images/pdf/abs_v2.pdf  used on input line 47.
(pdftex.def)             Requested size: 398.0pt x 163.1042pt.
[32 <./Images/pdf/resist.pdf>] [33 <./Images/pdf/abs_v2.pdf>]

pdfTeX warning: pdflatex.exe (file ./Images/pdf/WF_final.pdf): PDF inclusion: f
ound PDF version <1.7>, but at most version <1.5> allowed
<Images/pdf/WF_final.pdf, id=1019, 924.33821pt x 1518.23302pt>
File: Images/pdf/WF_final.pdf Graphic file (type pdf)
<use Images/pdf/WF_final.pdf>
Package pdftex.def Info: Images/pdf/WF_final.pdf  used on input line 79.
(pdftex.def)             Requested size: 170.71652pt x 280.40538pt.


pdfTeX warning: pdflatex.exe (file ./Images/pdf/WF.pdf): PDF inclusion: found P
DF version <1.7>, but at most version <1.5> allowed
<Images/pdf/WF.pdf, id=1020, 1753.83392pt x 1693.6164pt>
File: Images/pdf/WF.pdf Graphic file (type pdf)
<use Images/pdf/WF.pdf>
Package pdftex.def Info: Images/pdf/WF.pdf  used on input line 82.
(pdftex.def)             Requested size: 170.71652pt x 164.84912pt.
[34 <./Images/pdf/WF_final.pdf> <./Images/pdf/WF.pdf>]

pdfTeX warning: pdflatex.exe (file ./Images/pdf/BigGateDevices.pdf): PDF inclus
ion: found PDF version <1.7>, but at most version <1.5> allowed
<Images/pdf/BigGateDevices.pdf, id=1040, 1314.21764pt x 457.39743pt>
File: Images/pdf/BigGateDevices.pdf Graphic file (type pdf)
<use Images/pdf/BigGateDevices.pdf>
Package pdftex.def Info: Images/pdf/BigGateDevices.pdf  used on input line 110.

(pdftex.def)             Requested size: 312.9803pt x 108.92615pt.
[35 <./Images/pdf/BigGateDevices.pdf>]

pdfTeX warning: pdflatex.exe (file ./Images/pdf/transx2.pdf): PDF inclusion: fo
und PDF version <1.7>, but at most version <1.5> allowed
<Images/pdf/transx2.pdf, id=1056, 1738.11026pt x 2105.15758pt>
File: Images/pdf/transx2.pdf Graphic file (type pdf)
<use Images/pdf/transx2.pdf>
Package pdftex.def Info: Images/pdf/transx2.pdf  used on input line 140.
(pdftex.def)             Requested size: 398.0pt x 482.02388pt.


pdfTeX warning: pdflatex.exe (file ./Images/pdf/Trans_doping.pdf): PDF inclusio
n: found PDF version <1.7>, but at most version <1.5> allowed
<Images/pdf/Trans_doping.pdf, id=1061, 1057.84921pt x 869.6198pt>
File: Images/pdf/Trans_doping.pdf Graphic file (type pdf)
<use Images/pdf/Trans_doping.pdf>
Package pdftex.def Info: Images/pdf/Trans_doping.pdf  used on input line 173.
(pdftex.def)             Requested size: 398.0pt x 327.18144pt.


pdfTeX warning: pdflatex.exe (file ./Images/pdf/vth_shift_channel.pdf): PDF inc
lusion: found PDF version <1.7>, but at most version <1.5> allowed
<Images/pdf/vth_shift_channel.pdf, id=1068, 1160.62245pt x 429.53947pt>
File: Images/pdf/vth_shift_channel.pdf Graphic file (type pdf)
<use Images/pdf/vth_shift_channel.pdf>
Package pdftex.def Info: Images/pdf/vth_shift_channel.pdf  used on input line 1
91.
(pdftex.def)             Requested size: 398.0pt x 147.2999pt.
[36] [37 <./Images/pdf/transx2.pdf>] [38 <./Images/pdf/Trans_doping.pdf>]

pdfTeX warning: pdflatex.exe (file ./Images/pdf/stability.pdf): PDF inclusion: 
found PDF version <1.7>, but at most version <1.5> allowed
<Images/pdf/stability.pdf, id=1094, 1962.47975pt x 840.25601pt>
File: Images/pdf/stability.pdf Graphic file (type pdf)
<use Images/pdf/stability.pdf>
Package pdftex.def Info: Images/pdf/stability.pdf  used on input line 230.
(pdftex.def)             Requested size: 398.0pt x 170.40733pt.
[39 <./Images/pdf/vth_shift_channel.pdf>]

pdfTeX warning: pdflatex.exe (file ./Images/pdf/revox_transfer_loop2.pdf): PDF 
inclusion: found PDF version <1.7>, but at most version <1.5> allowed
<Images/pdf/revox_transfer_loop2.pdf, id=1106, 602.17471pt x 489.26695pt>
File: Images/pdf/revox_transfer_loop2.pdf Graphic file (type pdf)
<use Images/pdf/revox_transfer_loop2.pdf>
Package pdftex.def Info: Images/pdf/revox_transfer_loop2.pdf  used on input lin
e 245.
(pdftex.def)             Requested size: 213.39566pt x 173.38115pt.
[40 <./Images/pdf/stability.pdf> <./Images/pdf/revox_transfer_loop2.pdf>]

pdfTeX warning: pdflatex.exe (file ./Images/pdf/de-doping.pdf): PDF inclusion: 
found PDF version <1.7>, but at most version <1.5> allowed
<Images/pdf/de-doping.pdf, id=1120, 1967.37364pt x 830.84457pt>
File: Images/pdf/de-doping.pdf Graphic file (type pdf)
<use Images/pdf/de-doping.pdf>
Package pdftex.def Info: Images/pdf/de-doping.pdf  used on input line 279.
(pdftex.def)             Requested size: 398.0pt x 168.08029pt.

Underfull \hbox (badness 10000) in paragraph at lines 286--290

 []

[41]

pdfTeX warning: pdflatex.exe (file ./Images/pdf/Undoped_AgAgCl.pdf): PDF inclus
ion: found PDF version <1.7>, but at most version <1.5> allowed
<Images/pdf/Undoped_AgAgCl.pdf, id=1130, 301.16702pt x 244.69821pt>
File: Images/pdf/Undoped_AgAgCl.pdf Graphic file (type pdf)
<use Images/pdf/Undoped_AgAgCl.pdf>
Package pdftex.def Info: Images/pdf/Undoped_AgAgCl.pdf  used on input line 294.

(pdftex.def)             Requested size: 213.39566pt x 173.3897pt.


pdfTeX warning: pdflatex.exe (file ./Images/pdf/CV_drop_AgClWE.pdf): PDF inclus
ion: found PDF version <1.7>, but at most version <1.5> allowed
<Images/pdf/CV_drop_AgClWE.pdf, id=1131, 338.81293pt x 244.69821pt>
File: Images/pdf/CV_drop_AgClWE.pdf Graphic file (type pdf)
<use Images/pdf/CV_drop_AgClWE.pdf>
Package pdftex.def Info: Images/pdf/CV_drop_AgClWE.pdf  used on input line 297.

(pdftex.def)             Requested size: 199.16928pt x 143.84795pt.


pdfTeX warning: pdflatex.exe (file ./Images/pdf/CV_drop_AgClRECE.pdf): PDF incl
usion: found PDF version <1.7>, but at most version <1.5> allowed
<Images/pdf/CV_drop_AgClRECE.pdf, id=1132, 338.81293pt x 244.69821pt>
File: Images/pdf/CV_drop_AgClRECE.pdf Graphic file (type pdf)
<use Images/pdf/CV_drop_AgClRECE.pdf>
Package pdftex.def Info: Images/pdf/CV_drop_AgClRECE.pdf  used on input line 29
8.
(pdftex.def)             Requested size: 199.16928pt x 143.84795pt.

Overfull \hbox (7.1151pt too wide) in paragraph at lines 294--299
 [][][][] 
 []


Underfull \vbox (badness 3439) has occurred while \output is active []

 [42 <./Images/pdf/de-doping.pdf>]
Underfull \vbox (badness 10000) has occurred while \output is active []

 [43 <./Images/pdf/Undoped_AgAgCl.pdf> <./Images/pdf/CV_drop_AgClWE.pdf> <./Ima
ges/pdf/CV_drop_AgClRECE.pdf>]

pdfTeX warning: pdflatex.exe (file ./Images/pdf/und_drop.pdf): PDF inclusion: f
ound PDF version <1.7>, but at most version <1.5> allowed
<Images/pdf/und_drop.pdf, id=1164, 480.05266pt x 465.81754pt>
File: Images/pdf/und_drop.pdf Graphic file (type pdf)
<use Images/pdf/und_drop.pdf>
Package pdftex.def Info: Images/pdf/und_drop.pdf  used on input line 355.
(pdftex.def)             Requested size: 99.58464pt x 96.63045pt.


pdfTeX warning: pdflatex.exe (file ./Images/pdf/transfer_de-dop.pdf): PDF inclu
sion: found PDF version <1.7>, but at most version <1.5> allowed
<Images/pdf/transfer_de-dop.pdf, id=1165, 602.17471pt x 489.26695pt>
File: Images/pdf/transfer_de-dop.pdf Graphic file (type pdf)
<use Images/pdf/transfer_de-dop.pdf>
Package pdftex.def Info: Images/pdf/transfer_de-dop.pdf  used on input line 357
.
(pdftex.def)             Requested size: 199.16928pt x 161.8244pt.


pdfTeX warning: pdflatex.exe (file ./Images/pdf/EIS_drop.pdf): PDF inclusion: f
ound PDF version <1.7>, but at most version <1.5> allowed
<Images/pdf/EIS_drop.pdf, id=1166, 602.25581pt x 489.46974pt>
File: Images/pdf/EIS_drop.pdf Graphic file (type pdf)
<use Images/pdf/EIS_drop.pdf>
Package pdftex.def Info: Images/pdf/EIS_drop.pdf  used on input line 359.
(pdftex.def)             Requested size: 199.16928pt x 161.86906pt.


pdfTeX warning: pdflatex.exe (file ./Images/pdf/CV_drop.pdf): PDF inclusion: fo
und PDF version <1.7>, but at most version <1.5> allowed
<Images/pdf/CV_drop.pdf, id=1167, 650.43129pt x 469.75595pt>
File: Images/pdf/CV_drop.pdf Graphic file (type pdf)
<use Images/pdf/CV_drop.pdf>
Package pdftex.def Info: Images/pdf/CV_drop.pdf  used on input line 360.
(pdftex.def)             Requested size: 199.16928pt x 143.8452pt.

Overfull \hbox (7.63855pt too wide) in paragraph at lines 355--361
 [][][][] 
 []

[44]
Underfull \hbox (badness 10000) in paragraph at lines 404--406

 []

[45 <./Images/pdf/und_drop.pdf> <./Images/pdf/transfer_de-dop.pdf> <./Images/pd
f/EIS_drop.pdf> <./Images/pdf/CV_drop.pdf>]
Underfull \hbox (badness 10000) in paragraph at lines 408--409

 []



pdfTeX warning: pdflatex.exe (file ./Images/pdf/und_photo.pdf): PDF inclusion: 
found PDF version <1.7>, but at most version <1.5> allowed
<Images/pdf/und_photo.pdf, id=1206, 970.3984pt x 453.9914pt>
File: Images/pdf/und_photo.pdf Graphic file (type pdf)
<use Images/pdf/und_photo.pdf>
Package pdftex.def Info: Images/pdf/und_photo.pdf  used on input line 421.
(pdftex.def)             Requested size: 199.16928pt x 93.17967pt.


pdfTeX warning: pdflatex.exe (file ./Images/pdf/transfer_photo.pdf): PDF inclus
ion: found PDF version <1.7>, but at most version <1.5> allowed
<Images/pdf/transfer_photo.pdf, id=1207, 602.17471pt x 489.26695pt>
File: Images/pdf/transfer_photo.pdf Graphic file (type pdf)
<use Images/pdf/transfer_photo.pdf>
Package pdftex.def Info: Images/pdf/transfer_photo.pdf  used on input line 423.

(pdftex.def)             Requested size: 199.16928pt x 161.8244pt.


pdfTeX warning: pdflatex.exe (file ./Images/pdf/EIS_photo.pdf): PDF inclusion: 
found PDF version <1.7>, but at most version <1.5> allowed
<Images/pdf/EIS_photo.pdf, id=1208, 602.03687pt x 489.25075pt>
File: Images/pdf/EIS_photo.pdf Graphic file (type pdf)
<use Images/pdf/EIS_photo.pdf>
Package pdftex.def Info: Images/pdf/EIS_photo.pdf  used on input line 425.
(pdftex.def)             Requested size: 199.16928pt x 161.85637pt.


pdfTeX warning: pdflatex.exe (file ./Images/pdf/CV_photo.pdf): PDF inclusion: f
ound PDF version <1.7>, but at most version <1.5> allowed
<Images/pdf/CV_photo.pdf, id=1209, 650.43129pt x 469.75595pt>
File: Images/pdf/CV_photo.pdf Graphic file (type pdf)
<use Images/pdf/CV_photo.pdf>
Package pdftex.def Info: Images/pdf/CV_photo.pdf  used on input line 426.
(pdftex.def)             Requested size: 199.16928pt x 143.8452pt.

Overfull \hbox (7.63855pt too wide) in paragraph at lines 421--427
 [][][][] 
 []


Overfull \hbox (7.63855pt too wide) in paragraph at lines 421--427
 [][][][] 
 []

[46]

pdfTeX warning: pdflatex.exe (file ./Images/pdf/transfer_photo_air.pdf): PDF in
clusion: found PDF version <1.7>, but at most version <1.5> allowed
<Images/pdf/transfer_photo_air.pdf, id=1217, 301.16702pt x 244.69821pt>
File: Images/pdf/transfer_photo_air.pdf Graphic file (type pdf)
<use Images/pdf/transfer_photo_air.pdf>
Package pdftex.def Info: Images/pdf/transfer_photo_air.pdf  used on input line 
464.
(pdftex.def)             Requested size: 199.16928pt x 161.82988pt.


pdfTeX warning: pdflatex.exe (file ./Images/pdf/CV_photo_air.pdf): PDF inclusio
n: found PDF version <1.7>, but at most version <1.5> allowed
<Images/pdf/CV_photo_air.pdf, id=1218, 338.81293pt x 244.69821pt>
File: Images/pdf/CV_photo_air.pdf Graphic file (type pdf)
<use Images/pdf/CV_photo_air.pdf>
Package pdftex.def Info: Images/pdf/CV_photo_air.pdf  used on input line 467.
(pdftex.def)             Requested size: 199.16928pt x 143.84795pt.

Overfull \hbox (7.63855pt too wide) in paragraph at lines 464--468
 [][][][] 
 []

[47 <./Images/pdf/und_photo.pdf> <./Images/pdf/transfer_photo.pdf> <./Images/pd
f/EIS_photo.pdf> <./Images/pdf/CV_photo.pdf>]
Underfull \vbox (badness 10000) has occurred while \output is active []

 [48 <./Images/pdf/transfer_photo_air.pdf> <./Images/pdf/CV_photo_air.pdf>]

pdfTeX warning: pdflatex.exe (file ./Images/pdf/und_ink.pdf): PDF inclusion: fo
und PDF version <1.7>, but at most version <1.5> allowed
<Images/pdf/und_ink.pdf, id=1260, 980.0345pt x 463.62749pt>
File: Images/pdf/und_ink.pdf Graphic file (type pdf)
<use Images/pdf/und_ink.pdf>
Package pdftex.def Info: Images/pdf/und_ink.pdf  used on input line 509.
(pdftex.def)             Requested size: 199.16928pt x 94.21654pt.


pdfTeX warning: pdflatex.exe (file ./Images/pdf/transfer_ink.pdf): PDF inclusio
n: found PDF version <1.7>, but at most version <1.5> allowed
<Images/pdf/transfer_ink.pdf, id=1261, 602.17471pt x 489.26695pt>
File: Images/pdf/transfer_ink.pdf Graphic file (type pdf)
<use Images/pdf/transfer_ink.pdf>
Package pdftex.def Info: Images/pdf/transfer_ink.pdf  used on input line 510.
(pdftex.def)             Requested size: 199.16928pt x 161.8244pt.


pdfTeX warning: pdflatex.exe (file ./Images/pdf/EIS_ink.pdf): PDF inclusion: fo
und PDF version <1.7>, but at most version <1.5> allowed
<Images/pdf/EIS_ink.pdf, id=1262, 602.25581pt x 489.46974pt>
File: Images/pdf/EIS_ink.pdf Graphic file (type pdf)
<use Images/pdf/EIS_ink.pdf>
Package pdftex.def Info: Images/pdf/EIS_ink.pdf  used on input line 512.
(pdftex.def)             Requested size: 199.16928pt x 161.86906pt.


pdfTeX warning: pdflatex.exe (file ./Images/pdf/CV_ink.pdf): PDF inclusion: fou
nd PDF version <1.7>, but at most version <1.5> allowed
<Images/pdf/CV_ink.pdf, id=1263, 650.43129pt x 469.75595pt>
File: Images/pdf/CV_ink.pdf Graphic file (type pdf)
<use Images/pdf/CV_ink.pdf>
Package pdftex.def Info: Images/pdf/CV_ink.pdf  used on input line 513.
(pdftex.def)             Requested size: 199.16928pt x 143.8452pt.

Overfull \hbox (7.63855pt too wide) in paragraph at lines 509--514
 [][][][] 
 []


Overfull \hbox (7.63855pt too wide) in paragraph at lines 509--514
 [][][][] 
 []

[49]

pdfTeX warning: pdflatex.exe (file ./Images/pdf/unhom_doping.pdf): PDF inclusio
n: found PDF version <1.7>, but at most version <1.5> allowed
<Images/pdf/unhom_doping.pdf, id=1269, 481.86726pt x 163.38312pt>
File: Images/pdf/unhom_doping.pdf Graphic file (type pdf)
<use Images/pdf/unhom_doping.pdf>
Package pdftex.def Info: Images/pdf/unhom_doping.pdf  used on input line 546.
(pdftex.def)             Requested size: 284.52756pt x 96.47496pt.
[50 <./Images/pdf/und_ink.pdf> <./Images/pdf/transfer_ink.pdf> <./Images/pdf/EI
S_ink.pdf> <./Images/pdf/CV_ink.pdf>]

pdfTeX warning: pdflatex.exe (file ./Images/pdf/doped_ink.pdf): PDF inclusion: 
found PDF version <1.7>, but at most version <1.5> allowed
<Images/pdf/doped_ink.pdf, id=1295, 482.46169pt x 462.31348pt>
File: Images/pdf/doped_ink.pdf Graphic file (type pdf)
<use Images/pdf/doped_ink.pdf>
Package pdftex.def Info: Images/pdf/doped_ink.pdf  used on input line 563.
(pdftex.def)             Requested size: 99.58464pt x 95.42387pt.


pdfTeX warning: pdflatex.exe (file ./Images/pdf/transfer_doped.pdf): PDF inclus
ion: found PDF version <1.7>, but at most version <1.5> allowed
<Images/pdf/transfer_doped.pdf, id=1296, 602.17471pt x 489.26695pt>
File: Images/pdf/transfer_doped.pdf Graphic file (type pdf)
<use Images/pdf/transfer_doped.pdf>
Package pdftex.def Info: Images/pdf/transfer_doped.pdf  used on input line 564.

(pdftex.def)             Requested size: 199.16928pt x 161.8244pt.


pdfTeX warning: pdflatex.exe (file ./Images/pdf/EIS_doped.pdf): PDF inclusion: 
found PDF version <1.7>, but at most version <1.5> allowed
<Images/pdf/EIS_doped.pdf, id=1297, 602.25581pt x 489.46974pt>
File: Images/pdf/EIS_doped.pdf Graphic file (type pdf)
<use Images/pdf/EIS_doped.pdf>
Package pdftex.def Info: Images/pdf/EIS_doped.pdf  used on input line 566.
(pdftex.def)             Requested size: 199.16928pt x 161.86906pt.


pdfTeX warning: pdflatex.exe (file ./Images/pdf/CV_doped.pdf): PDF inclusion: f
ound PDF version <1.7>, but at most version <1.5> allowed
<Images/pdf/CV_doped.pdf, id=1298, 650.43129pt x 469.75595pt>
File: Images/pdf/CV_doped.pdf Graphic file (type pdf)
<use Images/pdf/CV_doped.pdf>
Package pdftex.def Info: Images/pdf/CV_doped.pdf  used on input line 567.
(pdftex.def)             Requested size: 199.16928pt x 143.8452pt.

Overfull \hbox (7.63855pt too wide) in paragraph at lines 563--568
 [][][][] 
 []


Underfull \vbox (badness 10000) has occurred while \output is active []

 [51 <./Images/pdf/unhom_doping.pdf>]

pdfTeX warning: pdflatex.exe (file ./Images/pdf/Vth_shift_plot.pdf): PDF inclus
ion: found PDF version <1.7>, but at most version <1.5> allowed
<Images/pdf/Vth_shift_plot.pdf, id=1309, 1384.23901pt x 659.9323pt>
File: Images/pdf/Vth_shift_plot.pdf Graphic file (type pdf)
<use Images/pdf/Vth_shift_plot.pdf>
Package pdftex.def Info: Images/pdf/Vth_shift_plot.pdf  used on input line 605.

(pdftex.def)             Requested size: 398.0pt x 189.74416pt.
[52 <./Images/pdf/doped_ink.pdf> <./Images/pdf/transfer_doped.pdf> <./Images/pd
f/EIS_doped.pdf> <./Images/pdf/CV_doped.pdf>]) [53 <./Images/pdf/Vth_shift_plot
.pdf>]
\openout2 = `conclusion.aux'.

 (./conclusion.tex [54




]) [55]
\openout2 = `app-A.aux'.

 (./app-A.tex [56




]) [57]
\openout2 = `app-B.aux'.

 (./app-B.tex
[58




]) [59]
\openout2 = `app-C.aux'.

 (./app-C.tex [60




]) [61] [62



] (./thesis.bbl
bibitemlist
[63

] [64] [65] [66]) [67]
\tf@toc=\write5
\openout5 = `thesis.toc'.

\tf@lof=\write6
\openout6 = `thesis.lof'.

\tf@lot=\write7
\openout7 = `thesis.lot'.

 (./thesis.aux (./intro.aux) (./chap-1.aux)
(./chap-2.aux) (./chap-3.aux) (./conclusion.aux) (./app-A.aux) (./app-B.aux)
(./app-C.aux))
Package rerunfilecheck Info: File `thesis.out' has not changed.
(rerunfilecheck)             Checksum: 1F50E82DFB5515D1624C6F22C918491F;9098.
 ) 
Here is how much of TeX's memory you used:
 23401 strings out of 475071
 407911 string characters out of 5782908
 961361 words of memory out of 5000000
 43729 multiletter control sequences out of 15000+600000
 601356 words of font info for 241 fonts, out of 8000000 for 9000
 1141 hyphenation exceptions out of 8191
 72i,12n,77p,1617b,745s stack positions out of 10000i,1000n,20000p,200000b,200000s
{c:/texlive/2022/texmf-dist/fonts/enc/dvips/lm/lm-ec.enc}{c:/texlive/2022/tex
mf-dist/fonts/enc/dvips/lm/lm-rm.enc}{c:/texlive/2022/texmf-dist/fonts/enc/dvip
s/lm/lm-mathit.enc}{c:/texlive/2022/texmf-dist/fonts/enc/dvips/lm/lm-mathsy.enc
}{c:/texlive/2022/texmf-dist/fonts/enc/dvips/lm/lm-mathex.enc}{c:/texlive/2022/
texmf-dist/fonts/enc/dvips/lm/lm-ts1.enc}{c:/texlive/2022/texmf-dist/fonts/enc/
dvips/base/8r.enc}<c:/texlive/2022/texmf-dist/fonts/type1/public/lm/lmbx10.pfb>
<c:/texlive/2022/texmf-dist/fonts/type1/public/lm/lmbx12.pfb><c:/texlive/2022/t
exmf-dist/fonts/type1/public/lm/lmbx9.pfb><c:/texlive/2022/texmf-dist/fonts/typ
e1/public/lm/lmcsc10.pfb><c:/texlive/2022/texmf-dist/fonts/type1/public/lm/lmex
10.pfb><c:/texlive/2022/texmf-dist/fonts/type1/public/lm/lmmi10.pfb><c:/texlive
/2022/texmf-dist/fonts/type1/public/lm/lmmi5.pfb><c:/texlive/2022/texmf-dist/fo
nts/type1/public/lm/lmmi8.pfb><c:/texlive/2022/texmf-dist/fonts/type1/public/lm
/lmr10.pfb><c:/texlive/2022/texmf-dist/fonts/type1/public/lm/lmr6.pfb><c:/texli
ve/2022/texmf-dist/fonts/type1/public/lm/lmr8.pfb><c:/texlive/2022/texmf-dist/f
onts/type1/public/lm/lmr9.pfb><c:/texlive/2022/texmf-dist/fonts/type1/public/lm
/lmri10.pfb><c:/texlive/2022/texmf-dist/fonts/type1/public/lm/lmsy10.pfb><c:/te
xlive/2022/texmf-dist/fonts/type1/public/lm/lmsy8.pfb><c:/texlive/2022/texmf-di
st/fonts/type1/urw/helvetic/uhvb8a.pfb><c:/texlive/2022/texmf-dist/fonts/type1/
urw/helvetic/uhvr8a.pfb>
Output written on thesis.pdf (77 pages, 64226082 bytes).
PDF statistics:
 1567 PDF objects out of 1728 (max. 8388607)
 1273 compressed objects within 13 object streams
 317 named destinations out of 1000 (max. 500000)
 70866 words of extra memory for PDF output out of 74296 (max. 10000000)

